The system is: Linux - 4.15.0-42-generic - x86_64
Compiling the C compiler identification source file "CMakeCCompilerId.c" succeeded.
Compiler: /usr/bin/cc 
Build flags: 
Id flags:  

The output was:
0


Compilation of the C compiler identification source "CMakeCCompilerId.c" produced "a.out"

The C compiler identification is GNU, found in "/home/legaller/Logiciels/poppler-0.72.0/build/CMakeFiles/3.10.2/CompilerIdC/a.out"

Compiling the CXX compiler identification source file "CMakeCXXCompilerId.cpp" succeeded.
Compiler: /usr/bin/c++ 
Build flags: 
Id flags:  

The output was:
0


Compilation of the CXX compiler identification source "CMakeCXXCompilerId.cpp" produced "a.out"

The CXX compiler identification is GNU, found in "/home/legaller/Logiciels/poppler-0.72.0/build/CMakeFiles/3.10.2/CompilerIdCXX/a.out"

Determining if the C compiler works passed with the following output:
Change Dir: /home/legaller/Logiciels/poppler-0.72.0/build/CMakeFiles/CMakeTmp

Run Build Command:"/usr/bin/make" "cmTC_e64d8/fast"
/usr/bin/make -f CMakeFiles/cmTC_e64d8.dir/build.make CMakeFiles/cmTC_e64d8.dir/build
make[1] : on entre dans le répertoire « /home/legaller/Logiciels/poppler-0.72.0/build/CMakeFiles/CMakeTmp »
Building C object CMakeFiles/cmTC_e64d8.dir/testCCompiler.c.o
/usr/bin/cc    -o CMakeFiles/cmTC_e64d8.dir/testCCompiler.c.o   -c /home/legaller/Logiciels/poppler-0.72.0/build/CMakeFiles/CMakeTmp/testCCompiler.c
Linking C executable cmTC_e64d8
/usr/bin/cmake -E cmake_link_script CMakeFiles/cmTC_e64d8.dir/link.txt --verbose=1
/usr/bin/cc      -rdynamic CMakeFiles/cmTC_e64d8.dir/testCCompiler.c.o  -o cmTC_e64d8 
make[1] : on quitte le répertoire « /home/legaller/Logiciels/poppler-0.72.0/build/CMakeFiles/CMakeTmp »


Detecting C compiler ABI info compiled with the following output:
Change Dir: /home/legaller/Logiciels/poppler-0.72.0/build/CMakeFiles/CMakeTmp

Run Build Command:"/usr/bin/make" "cmTC_20369/fast"
/usr/bin/make -f CMakeFiles/cmTC_20369.dir/build.make CMakeFiles/cmTC_20369.dir/build
make[1] : on entre dans le répertoire « /home/legaller/Logiciels/poppler-0.72.0/build/CMakeFiles/CMakeTmp »
Building C object CMakeFiles/cmTC_20369.dir/CMakeCCompilerABI.c.o
/usr/bin/cc    -o CMakeFiles/cmTC_20369.dir/CMakeCCompilerABI.c.o   -c /usr/share/cmake-3.10/Modules/CMakeCCompilerABI.c
Linking C executable cmTC_20369
/usr/bin/cmake -E cmake_link_script CMakeFiles/cmTC_20369.dir/link.txt --verbose=1
/usr/bin/cc     -v -rdynamic CMakeFiles/cmTC_20369.dir/CMakeCCompilerABI.c.o  -o cmTC_20369 
Using built-in specs.
COLLECT_GCC=/usr/bin/cc
COLLECT_LTO_WRAPPER=/usr/lib/gcc/x86_64-linux-gnu/7/lto-wrapper
OFFLOAD_TARGET_NAMES=nvptx-none
OFFLOAD_TARGET_DEFAULT=1
Target: x86_64-linux-gnu
Configured with: ../src/configure -v --with-pkgversion='Ubuntu 7.3.0-27ubuntu1~18.04' --with-bugurl=file:///usr/share/doc/gcc-7/README.Bugs --enable-languages=c,ada,c++,go,brig,d,fortran,objc,obj-c++ --prefix=/usr --with-gcc-major-version-only --program-suffix=-7 --program-prefix=x86_64-linux-gnu- --enable-shared --enable-linker-build-id --libexecdir=/usr/lib --without-included-gettext --enable-threads=posix --libdir=/usr/lib --enable-nls --with-sysroot=/ --enable-clocale=gnu --enable-libstdcxx-debug --enable-libstdcxx-time=yes --with-default-libstdcxx-abi=new --enable-gnu-unique-object --disable-vtable-verify --enable-libmpx --enable-plugin --enable-default-pie --with-system-zlib --with-target-system-zlib --enable-objc-gc=auto --enable-multiarch --disable-werror --with-arch-32=i686 --with-abi=m64 --with-multilib-list=m32,m64,mx32 --enable-multilib --with-tune=generic --enable-offload-targets=nvptx-none --without-cuda-driver --enable-checking=release --build=x86_64-linux-gnu --host=x86_64-linux-gnu --target=x86_64-linux-gnu
Thread model: posix
gcc version 7.3.0 (Ubuntu 7.3.0-27ubuntu1~18.04) 
COMPILER_PATH=/usr/lib/gcc/x86_64-linux-gnu/7/:/usr/lib/gcc/x86_64-linux-gnu/7/:/usr/lib/gcc/x86_64-linux-gnu/:/usr/lib/gcc/x86_64-linux-gnu/7/:/usr/lib/gcc/x86_64-linux-gnu/
LIBRARY_PATH=/usr/lib/gcc/x86_64-linux-gnu/7/:/usr/lib/gcc/x86_64-linux-gnu/7/../../../x86_64-linux-gnu/:/usr/lib/gcc/x86_64-linux-gnu/7/../../../../lib/:/lib/x86_64-linux-gnu/:/lib/../lib/:/usr/lib/x86_64-linux-gnu/:/usr/lib/../lib/:/usr/lib/gcc/x86_64-linux-gnu/7/../../../:/lib/:/usr/lib/
COLLECT_GCC_OPTIONS='-v' '-rdynamic' '-o' 'cmTC_20369' '-mtune=generic' '-march=x86-64'
 /usr/lib/gcc/x86_64-linux-gnu/7/collect2 -plugin /usr/lib/gcc/x86_64-linux-gnu/7/liblto_plugin.so -plugin-opt=/usr/lib/gcc/x86_64-linux-gnu/7/lto-wrapper -plugin-opt=-fresolution=/tmp/ccBUYuMs.res -plugin-opt=-pass-through=-lgcc -plugin-opt=-pass-through=-lgcc_s -plugin-opt=-pass-through=-lc -plugin-opt=-pass-through=-lgcc -plugin-opt=-pass-through=-lgcc_s --sysroot=/ --build-id --eh-frame-hdr -m elf_x86_64 --hash-style=gnu --as-needed -export-dynamic -dynamic-linker /lib64/ld-linux-x86-64.so.2 -pie -z now -z relro -o cmTC_20369 /usr/lib/gcc/x86_64-linux-gnu/7/../../../x86_64-linux-gnu/Scrt1.o /usr/lib/gcc/x86_64-linux-gnu/7/../../../x86_64-linux-gnu/crti.o /usr/lib/gcc/x86_64-linux-gnu/7/crtbeginS.o -L/usr/lib/gcc/x86_64-linux-gnu/7 -L/usr/lib/gcc/x86_64-linux-gnu/7/../../../x86_64-linux-gnu -L/usr/lib/gcc/x86_64-linux-gnu/7/../../../../lib -L/lib/x86_64-linux-gnu -L/lib/../lib -L/usr/lib/x86_64-linux-gnu -L/usr/lib/../lib -L/usr/lib/gcc/x86_64-linux-gnu/7/../../.. CMakeFiles/cmTC_20369.dir/CMakeCCompilerABI.c.o -lgcc --push-state --as-needed -lgcc_s --pop-state -lc -lgcc --push-state --as-needed -lgcc_s --pop-state /usr/lib/gcc/x86_64-linux-gnu/7/crtendS.o /usr/lib/gcc/x86_64-linux-gnu/7/../../../x86_64-linux-gnu/crtn.o
COLLECT_GCC_OPTIONS='-v' '-rdynamic' '-o' 'cmTC_20369' '-mtune=generic' '-march=x86-64'
make[1] : on quitte le répertoire « /home/legaller/Logiciels/poppler-0.72.0/build/CMakeFiles/CMakeTmp »


Parsed C implicit link information from above output:
  link line regex: [^( *|.*[/\])(ld|CMAKE_LINK_STARTFILE-NOTFOUND|([^/\]+-)?ld|collect2)[^/\]*( |$)]
  ignore line: [Change Dir: /home/legaller/Logiciels/poppler-0.72.0/build/CMakeFiles/CMakeTmp]
  ignore line: []
  ignore line: [Run Build Command:"/usr/bin/make" "cmTC_20369/fast"]
  ignore line: [/usr/bin/make -f CMakeFiles/cmTC_20369.dir/build.make CMakeFiles/cmTC_20369.dir/build]
  ignore line: [make[1] : on entre dans le répertoire « /home/legaller/Logiciels/poppler-0.72.0/build/CMakeFiles/CMakeTmp »]
  ignore line: [Building C object CMakeFiles/cmTC_20369.dir/CMakeCCompilerABI.c.o]
  ignore line: [/usr/bin/cc    -o CMakeFiles/cmTC_20369.dir/CMakeCCompilerABI.c.o   -c /usr/share/cmake-3.10/Modules/CMakeCCompilerABI.c]
  ignore line: [Linking C executable cmTC_20369]
  ignore line: [/usr/bin/cmake -E cmake_link_script CMakeFiles/cmTC_20369.dir/link.txt --verbose=1]
  ignore line: [/usr/bin/cc     -v -rdynamic CMakeFiles/cmTC_20369.dir/CMakeCCompilerABI.c.o  -o cmTC_20369 ]
  ignore line: [Using built-in specs.]
  ignore line: [COLLECT_GCC=/usr/bin/cc]
  ignore line: [COLLECT_LTO_WRAPPER=/usr/lib/gcc/x86_64-linux-gnu/7/lto-wrapper]
  ignore line: [OFFLOAD_TARGET_NAMES=nvptx-none]
  ignore line: [OFFLOAD_TARGET_DEFAULT=1]
  ignore line: [Target: x86_64-linux-gnu]
  ignore line: [Configured with: ../src/configure -v --with-pkgversion='Ubuntu 7.3.0-27ubuntu1~18.04' --with-bugurl=file:///usr/share/doc/gcc-7/README.Bugs --enable-languages=c,ada,c++,go,brig,d,fortran,objc,obj-c++ --prefix=/usr --with-gcc-major-version-only --program-suffix=-7 --program-prefix=x86_64-linux-gnu- --enable-shared --enable-linker-build-id --libexecdir=/usr/lib --without-included-gettext --enable-threads=posix --libdir=/usr/lib --enable-nls --with-sysroot=/ --enable-clocale=gnu --enable-libstdcxx-debug --enable-libstdcxx-time=yes --with-default-libstdcxx-abi=new --enable-gnu-unique-object --disable-vtable-verify --enable-libmpx --enable-plugin --enable-default-pie --with-system-zlib --with-target-system-zlib --enable-objc-gc=auto --enable-multiarch --disable-werror --with-arch-32=i686 --with-abi=m64 --with-multilib-list=m32,m64,mx32 --enable-multilib --with-tune=generic --enable-offload-targets=nvptx-none --without-cuda-driver --enable-checking=release --build=x86_64-linux-gnu --host=x86_64-linux-gnu --target=x86_64-linux-gnu]
  ignore line: [Thread model: posix]
  ignore line: [gcc version 7.3.0 (Ubuntu 7.3.0-27ubuntu1~18.04) ]
  ignore line: [COMPILER_PATH=/usr/lib/gcc/x86_64-linux-gnu/7/:/usr/lib/gcc/x86_64-linux-gnu/7/:/usr/lib/gcc/x86_64-linux-gnu/:/usr/lib/gcc/x86_64-linux-gnu/7/:/usr/lib/gcc/x86_64-linux-gnu/]
  ignore line: [LIBRARY_PATH=/usr/lib/gcc/x86_64-linux-gnu/7/:/usr/lib/gcc/x86_64-linux-gnu/7/../../../x86_64-linux-gnu/:/usr/lib/gcc/x86_64-linux-gnu/7/../../../../lib/:/lib/x86_64-linux-gnu/:/lib/../lib/:/usr/lib/x86_64-linux-gnu/:/usr/lib/../lib/:/usr/lib/gcc/x86_64-linux-gnu/7/../../../:/lib/:/usr/lib/]
  ignore line: [COLLECT_GCC_OPTIONS='-v' '-rdynamic' '-o' 'cmTC_20369' '-mtune=generic' '-march=x86-64']
  link line: [ /usr/lib/gcc/x86_64-linux-gnu/7/collect2 -plugin /usr/lib/gcc/x86_64-linux-gnu/7/liblto_plugin.so -plugin-opt=/usr/lib/gcc/x86_64-linux-gnu/7/lto-wrapper -plugin-opt=-fresolution=/tmp/ccBUYuMs.res -plugin-opt=-pass-through=-lgcc -plugin-opt=-pass-through=-lgcc_s -plugin-opt=-pass-through=-lc -plugin-opt=-pass-through=-lgcc -plugin-opt=-pass-through=-lgcc_s --sysroot=/ --build-id --eh-frame-hdr -m elf_x86_64 --hash-style=gnu --as-needed -export-dynamic -dynamic-linker /lib64/ld-linux-x86-64.so.2 -pie -z now -z relro -o cmTC_20369 /usr/lib/gcc/x86_64-linux-gnu/7/../../../x86_64-linux-gnu/Scrt1.o /usr/lib/gcc/x86_64-linux-gnu/7/../../../x86_64-linux-gnu/crti.o /usr/lib/gcc/x86_64-linux-gnu/7/crtbeginS.o -L/usr/lib/gcc/x86_64-linux-gnu/7 -L/usr/lib/gcc/x86_64-linux-gnu/7/../../../x86_64-linux-gnu -L/usr/lib/gcc/x86_64-linux-gnu/7/../../../../lib -L/lib/x86_64-linux-gnu -L/lib/../lib -L/usr/lib/x86_64-linux-gnu -L/usr/lib/../lib -L/usr/lib/gcc/x86_64-linux-gnu/7/../../.. CMakeFiles/cmTC_20369.dir/CMakeCCompilerABI.c.o -lgcc --push-state --as-needed -lgcc_s --pop-state -lc -lgcc --push-state --as-needed -lgcc_s --pop-state /usr/lib/gcc/x86_64-linux-gnu/7/crtendS.o /usr/lib/gcc/x86_64-linux-gnu/7/../../../x86_64-linux-gnu/crtn.o]
    arg [/usr/lib/gcc/x86_64-linux-gnu/7/collect2] ==> ignore
    arg [-plugin] ==> ignore
    arg [/usr/lib/gcc/x86_64-linux-gnu/7/liblto_plugin.so] ==> ignore
    arg [-plugin-opt=/usr/lib/gcc/x86_64-linux-gnu/7/lto-wrapper] ==> ignore
    arg [-plugin-opt=-fresolution=/tmp/ccBUYuMs.res] ==> ignore
    arg [-plugin-opt=-pass-through=-lgcc] ==> ignore
    arg [-plugin-opt=-pass-through=-lgcc_s] ==> ignore
    arg [-plugin-opt=-pass-through=-lc] ==> ignore
    arg [-plugin-opt=-pass-through=-lgcc] ==> ignore
    arg [-plugin-opt=-pass-through=-lgcc_s] ==> ignore
    arg [--sysroot=/] ==> ignore
    arg [--build-id] ==> ignore
    arg [--eh-frame-hdr] ==> ignore
    arg [-m] ==> ignore
    arg [elf_x86_64] ==> ignore
    arg [--hash-style=gnu] ==> ignore
    arg [--as-needed] ==> ignore
    arg [-export-dynamic] ==> ignore
    arg [-dynamic-linker] ==> ignore
    arg [/lib64/ld-linux-x86-64.so.2] ==> ignore
    arg [-pie] ==> ignore
    arg [-znow] ==> ignore
    arg [-zrelro] ==> ignore
    arg [-o] ==> ignore
    arg [cmTC_20369] ==> ignore
    arg [/usr/lib/gcc/x86_64-linux-gnu/7/../../../x86_64-linux-gnu/Scrt1.o] ==> ignore
    arg [/usr/lib/gcc/x86_64-linux-gnu/7/../../../x86_64-linux-gnu/crti.o] ==> ignore
    arg [/usr/lib/gcc/x86_64-linux-gnu/7/crtbeginS.o] ==> ignore
    arg [-L/usr/lib/gcc/x86_64-linux-gnu/7] ==> dir [/usr/lib/gcc/x86_64-linux-gnu/7]
    arg [-L/usr/lib/gcc/x86_64-linux-gnu/7/../../../x86_64-linux-gnu] ==> dir [/usr/lib/gcc/x86_64-linux-gnu/7/../../../x86_64-linux-gnu]
    arg [-L/usr/lib/gcc/x86_64-linux-gnu/7/../../../../lib] ==> dir [/usr/lib/gcc/x86_64-linux-gnu/7/../../../../lib]
    arg [-L/lib/x86_64-linux-gnu] ==> dir [/lib/x86_64-linux-gnu]
    arg [-L/lib/../lib] ==> dir [/lib/../lib]
    arg [-L/usr/lib/x86_64-linux-gnu] ==> dir [/usr/lib/x86_64-linux-gnu]
    arg [-L/usr/lib/../lib] ==> dir [/usr/lib/../lib]
    arg [-L/usr/lib/gcc/x86_64-linux-gnu/7/../../..] ==> dir [/usr/lib/gcc/x86_64-linux-gnu/7/../../..]
    arg [CMakeFiles/cmTC_20369.dir/CMakeCCompilerABI.c.o] ==> ignore
    arg [-lgcc] ==> lib [gcc]
    arg [--push-state] ==> ignore
    arg [--as-needed] ==> ignore
    arg [-lgcc_s] ==> lib [gcc_s]
    arg [--pop-state] ==> ignore
    arg [-lc] ==> lib [c]
    arg [-lgcc] ==> lib [gcc]
    arg [--push-state] ==> ignore
    arg [--as-needed] ==> ignore
    arg [-lgcc_s] ==> lib [gcc_s]
    arg [--pop-state] ==> ignore
    arg [/usr/lib/gcc/x86_64-linux-gnu/7/crtendS.o] ==> ignore
    arg [/usr/lib/gcc/x86_64-linux-gnu/7/../../../x86_64-linux-gnu/crtn.o] ==> ignore
  collapse library dir [/usr/lib/gcc/x86_64-linux-gnu/7] ==> [/usr/lib/gcc/x86_64-linux-gnu/7]
  collapse library dir [/usr/lib/gcc/x86_64-linux-gnu/7/../../../x86_64-linux-gnu] ==> [/usr/lib/x86_64-linux-gnu]
  collapse library dir [/usr/lib/gcc/x86_64-linux-gnu/7/../../../../lib] ==> [/usr/lib]
  collapse library dir [/lib/x86_64-linux-gnu] ==> [/lib/x86_64-linux-gnu]
  collapse library dir [/lib/../lib] ==> [/lib]
  collapse library dir [/usr/lib/x86_64-linux-gnu] ==> [/usr/lib/x86_64-linux-gnu]
  collapse library dir [/usr/lib/../lib] ==> [/usr/lib]
  collapse library dir [/usr/lib/gcc/x86_64-linux-gnu/7/../../..] ==> [/usr/lib]
  implicit libs: [gcc;gcc_s;c;gcc;gcc_s]
  implicit dirs: [/usr/lib/gcc/x86_64-linux-gnu/7;/usr/lib/x86_64-linux-gnu;/usr/lib;/lib/x86_64-linux-gnu;/lib]
  implicit fwks: []




Detecting C [-std=c11] compiler features compiled with the following output:
Change Dir: /home/legaller/Logiciels/poppler-0.72.0/build/CMakeFiles/CMakeTmp

Run Build Command:"/usr/bin/make" "cmTC_d9db6/fast"
/usr/bin/make -f CMakeFiles/cmTC_d9db6.dir/build.make CMakeFiles/cmTC_d9db6.dir/build
make[1] : on entre dans le répertoire « /home/legaller/Logiciels/poppler-0.72.0/build/CMakeFiles/CMakeTmp »
Building C object CMakeFiles/cmTC_d9db6.dir/feature_tests.c.o
/usr/bin/cc   -std=c11 -o CMakeFiles/cmTC_d9db6.dir/feature_tests.c.o   -c /home/legaller/Logiciels/poppler-0.72.0/build/CMakeFiles/feature_tests.c
Linking C executable cmTC_d9db6
/usr/bin/cmake -E cmake_link_script CMakeFiles/cmTC_d9db6.dir/link.txt --verbose=1
/usr/bin/cc      -rdynamic CMakeFiles/cmTC_d9db6.dir/feature_tests.c.o  -o cmTC_d9db6 
make[1] : on quitte le répertoire « /home/legaller/Logiciels/poppler-0.72.0/build/CMakeFiles/CMakeTmp »


    Feature record: C_FEATURE:1c_function_prototypes
    Feature record: C_FEATURE:1c_restrict
    Feature record: C_FEATURE:1c_static_assert
    Feature record: C_FEATURE:1c_variadic_macros


Detecting C [-std=c99] compiler features compiled with the following output:
Change Dir: /home/legaller/Logiciels/poppler-0.72.0/build/CMakeFiles/CMakeTmp

Run Build Command:"/usr/bin/make" "cmTC_242d2/fast"
/usr/bin/make -f CMakeFiles/cmTC_242d2.dir/build.make CMakeFiles/cmTC_242d2.dir/build
make[1] : on entre dans le répertoire « /home/legaller/Logiciels/poppler-0.72.0/build/CMakeFiles/CMakeTmp »
Building C object CMakeFiles/cmTC_242d2.dir/feature_tests.c.o
/usr/bin/cc   -std=c99 -o CMakeFiles/cmTC_242d2.dir/feature_tests.c.o   -c /home/legaller/Logiciels/poppler-0.72.0/build/CMakeFiles/feature_tests.c
Linking C executable cmTC_242d2
/usr/bin/cmake -E cmake_link_script CMakeFiles/cmTC_242d2.dir/link.txt --verbose=1
/usr/bin/cc      -rdynamic CMakeFiles/cmTC_242d2.dir/feature_tests.c.o  -o cmTC_242d2 
make[1] : on quitte le répertoire « /home/legaller/Logiciels/poppler-0.72.0/build/CMakeFiles/CMakeTmp »


    Feature record: C_FEATURE:1c_function_prototypes
    Feature record: C_FEATURE:1c_restrict
    Feature record: C_FEATURE:0c_static_assert
    Feature record: C_FEATURE:1c_variadic_macros


Detecting C [-std=c90] compiler features compiled with the following output:
Change Dir: /home/legaller/Logiciels/poppler-0.72.0/build/CMakeFiles/CMakeTmp

Run Build Command:"/usr/bin/make" "cmTC_c36c0/fast"
/usr/bin/make -f CMakeFiles/cmTC_c36c0.dir/build.make CMakeFiles/cmTC_c36c0.dir/build
make[1] : on entre dans le répertoire « /home/legaller/Logiciels/poppler-0.72.0/build/CMakeFiles/CMakeTmp »
Building C object CMakeFiles/cmTC_c36c0.dir/feature_tests.c.o
/usr/bin/cc   -std=c90 -o CMakeFiles/cmTC_c36c0.dir/feature_tests.c.o   -c /home/legaller/Logiciels/poppler-0.72.0/build/CMakeFiles/feature_tests.c
Linking C executable cmTC_c36c0
/usr/bin/cmake -E cmake_link_script CMakeFiles/cmTC_c36c0.dir/link.txt --verbose=1
/usr/bin/cc      -rdynamic CMakeFiles/cmTC_c36c0.dir/feature_tests.c.o  -o cmTC_c36c0 
make[1] : on quitte le répertoire « /home/legaller/Logiciels/poppler-0.72.0/build/CMakeFiles/CMakeTmp »


    Feature record: C_FEATURE:1c_function_prototypes
    Feature record: C_FEATURE:0c_restrict
    Feature record: C_FEATURE:0c_static_assert
    Feature record: C_FEATURE:0c_variadic_macros
Determining if the CXX compiler works passed with the following output:
Change Dir: /home/legaller/Logiciels/poppler-0.72.0/build/CMakeFiles/CMakeTmp

Run Build Command:"/usr/bin/make" "cmTC_7b6c0/fast"
/usr/bin/make -f CMakeFiles/cmTC_7b6c0.dir/build.make CMakeFiles/cmTC_7b6c0.dir/build
make[1] : on entre dans le répertoire « /home/legaller/Logiciels/poppler-0.72.0/build/CMakeFiles/CMakeTmp »
Building CXX object CMakeFiles/cmTC_7b6c0.dir/testCXXCompiler.cxx.o
/usr/bin/c++     -o CMakeFiles/cmTC_7b6c0.dir/testCXXCompiler.cxx.o -c /home/legaller/Logiciels/poppler-0.72.0/build/CMakeFiles/CMakeTmp/testCXXCompiler.cxx
Linking CXX executable cmTC_7b6c0
/usr/bin/cmake -E cmake_link_script CMakeFiles/cmTC_7b6c0.dir/link.txt --verbose=1
/usr/bin/c++       -rdynamic CMakeFiles/cmTC_7b6c0.dir/testCXXCompiler.cxx.o  -o cmTC_7b6c0 
make[1] : on quitte le répertoire « /home/legaller/Logiciels/poppler-0.72.0/build/CMakeFiles/CMakeTmp »


Detecting CXX compiler ABI info compiled with the following output:
Change Dir: /home/legaller/Logiciels/poppler-0.72.0/build/CMakeFiles/CMakeTmp

Run Build Command:"/usr/bin/make" "cmTC_dd8ab/fast"
/usr/bin/make -f CMakeFiles/cmTC_dd8ab.dir/build.make CMakeFiles/cmTC_dd8ab.dir/build
make[1] : on entre dans le répertoire « /home/legaller/Logiciels/poppler-0.72.0/build/CMakeFiles/CMakeTmp »
Building CXX object CMakeFiles/cmTC_dd8ab.dir/CMakeCXXCompilerABI.cpp.o
/usr/bin/c++     -o CMakeFiles/cmTC_dd8ab.dir/CMakeCXXCompilerABI.cpp.o -c /usr/share/cmake-3.10/Modules/CMakeCXXCompilerABI.cpp
Linking CXX executable cmTC_dd8ab
/usr/bin/cmake -E cmake_link_script CMakeFiles/cmTC_dd8ab.dir/link.txt --verbose=1
/usr/bin/c++      -v -rdynamic CMakeFiles/cmTC_dd8ab.dir/CMakeCXXCompilerABI.cpp.o  -o cmTC_dd8ab 
Using built-in specs.
COLLECT_GCC=/usr/bin/c++
COLLECT_LTO_WRAPPER=/usr/lib/gcc/x86_64-linux-gnu/7/lto-wrapper
OFFLOAD_TARGET_NAMES=nvptx-none
OFFLOAD_TARGET_DEFAULT=1
Target: x86_64-linux-gnu
Configured with: ../src/configure -v --with-pkgversion='Ubuntu 7.3.0-27ubuntu1~18.04' --with-bugurl=file:///usr/share/doc/gcc-7/README.Bugs --enable-languages=c,ada,c++,go,brig,d,fortran,objc,obj-c++ --prefix=/usr --with-gcc-major-version-only --program-suffix=-7 --program-prefix=x86_64-linux-gnu- --enable-shared --enable-linker-build-id --libexecdir=/usr/lib --without-included-gettext --enable-threads=posix --libdir=/usr/lib --enable-nls --with-sysroot=/ --enable-clocale=gnu --enable-libstdcxx-debug --enable-libstdcxx-time=yes --with-default-libstdcxx-abi=new --enable-gnu-unique-object --disable-vtable-verify --enable-libmpx --enable-plugin --enable-default-pie --with-system-zlib --with-target-system-zlib --enable-objc-gc=auto --enable-multiarch --disable-werror --with-arch-32=i686 --with-abi=m64 --with-multilib-list=m32,m64,mx32 --enable-multilib --with-tune=generic --enable-offload-targets=nvptx-none --without-cuda-driver --enable-checking=release --build=x86_64-linux-gnu --host=x86_64-linux-gnu --target=x86_64-linux-gnu
Thread model: posix
gcc version 7.3.0 (Ubuntu 7.3.0-27ubuntu1~18.04) 
COMPILER_PATH=/usr/lib/gcc/x86_64-linux-gnu/7/:/usr/lib/gcc/x86_64-linux-gnu/7/:/usr/lib/gcc/x86_64-linux-gnu/:/usr/lib/gcc/x86_64-linux-gnu/7/:/usr/lib/gcc/x86_64-linux-gnu/
LIBRARY_PATH=/usr/lib/gcc/x86_64-linux-gnu/7/:/usr/lib/gcc/x86_64-linux-gnu/7/../../../x86_64-linux-gnu/:/usr/lib/gcc/x86_64-linux-gnu/7/../../../../lib/:/lib/x86_64-linux-gnu/:/lib/../lib/:/usr/lib/x86_64-linux-gnu/:/usr/lib/../lib/:/usr/lib/gcc/x86_64-linux-gnu/7/../../../:/lib/:/usr/lib/
COLLECT_GCC_OPTIONS='-v' '-rdynamic' '-o' 'cmTC_dd8ab' '-shared-libgcc' '-mtune=generic' '-march=x86-64'
 /usr/lib/gcc/x86_64-linux-gnu/7/collect2 -plugin /usr/lib/gcc/x86_64-linux-gnu/7/liblto_plugin.so -plugin-opt=/usr/lib/gcc/x86_64-linux-gnu/7/lto-wrapper -plugin-opt=-fresolution=/tmp/ccqQUJjX.res -plugin-opt=-pass-through=-lgcc_s -plugin-opt=-pass-through=-lgcc -plugin-opt=-pass-through=-lc -plugin-opt=-pass-through=-lgcc_s -plugin-opt=-pass-through=-lgcc --sysroot=/ --build-id --eh-frame-hdr -m elf_x86_64 --hash-style=gnu --as-needed -export-dynamic -dynamic-linker /lib64/ld-linux-x86-64.so.2 -pie -z now -z relro -o cmTC_dd8ab /usr/lib/gcc/x86_64-linux-gnu/7/../../../x86_64-linux-gnu/Scrt1.o /usr/lib/gcc/x86_64-linux-gnu/7/../../../x86_64-linux-gnu/crti.o /usr/lib/gcc/x86_64-linux-gnu/7/crtbeginS.o -L/usr/lib/gcc/x86_64-linux-gnu/7 -L/usr/lib/gcc/x86_64-linux-gnu/7/../../../x86_64-linux-gnu -L/usr/lib/gcc/x86_64-linux-gnu/7/../../../../lib -L/lib/x86_64-linux-gnu -L/lib/../lib -L/usr/lib/x86_64-linux-gnu -L/usr/lib/../lib -L/usr/lib/gcc/x86_64-linux-gnu/7/../../.. CMakeFiles/cmTC_dd8ab.dir/CMakeCXXCompilerABI.cpp.o -lstdc++ -lm -lgcc_s -lgcc -lc -lgcc_s -lgcc /usr/lib/gcc/x86_64-linux-gnu/7/crtendS.o /usr/lib/gcc/x86_64-linux-gnu/7/../../../x86_64-linux-gnu/crtn.o
COLLECT_GCC_OPTIONS='-v' '-rdynamic' '-o' 'cmTC_dd8ab' '-shared-libgcc' '-mtune=generic' '-march=x86-64'
make[1] : on quitte le répertoire « /home/legaller/Logiciels/poppler-0.72.0/build/CMakeFiles/CMakeTmp »


Parsed CXX implicit link information from above output:
  link line regex: [^( *|.*[/\])(ld|CMAKE_LINK_STARTFILE-NOTFOUND|([^/\]+-)?ld|collect2)[^/\]*( |$)]
  ignore line: [Change Dir: /home/legaller/Logiciels/poppler-0.72.0/build/CMakeFiles/CMakeTmp]
  ignore line: []
  ignore line: [Run Build Command:"/usr/bin/make" "cmTC_dd8ab/fast"]
  ignore line: [/usr/bin/make -f CMakeFiles/cmTC_dd8ab.dir/build.make CMakeFiles/cmTC_dd8ab.dir/build]
  ignore line: [make[1] : on entre dans le répertoire « /home/legaller/Logiciels/poppler-0.72.0/build/CMakeFiles/CMakeTmp »]
  ignore line: [Building CXX object CMakeFiles/cmTC_dd8ab.dir/CMakeCXXCompilerABI.cpp.o]
  ignore line: [/usr/bin/c++     -o CMakeFiles/cmTC_dd8ab.dir/CMakeCXXCompilerABI.cpp.o -c /usr/share/cmake-3.10/Modules/CMakeCXXCompilerABI.cpp]
  ignore line: [Linking CXX executable cmTC_dd8ab]
  ignore line: [/usr/bin/cmake -E cmake_link_script CMakeFiles/cmTC_dd8ab.dir/link.txt --verbose=1]
  ignore line: [/usr/bin/c++      -v -rdynamic CMakeFiles/cmTC_dd8ab.dir/CMakeCXXCompilerABI.cpp.o  -o cmTC_dd8ab ]
  ignore line: [Using built-in specs.]
  ignore line: [COLLECT_GCC=/usr/bin/c++]
  ignore line: [COLLECT_LTO_WRAPPER=/usr/lib/gcc/x86_64-linux-gnu/7/lto-wrapper]
  ignore line: [OFFLOAD_TARGET_NAMES=nvptx-none]
  ignore line: [OFFLOAD_TARGET_DEFAULT=1]
  ignore line: [Target: x86_64-linux-gnu]
  ignore line: [Configured with: ../src/configure -v --with-pkgversion='Ubuntu 7.3.0-27ubuntu1~18.04' --with-bugurl=file:///usr/share/doc/gcc-7/README.Bugs --enable-languages=c,ada,c++,go,brig,d,fortran,objc,obj-c++ --prefix=/usr --with-gcc-major-version-only --program-suffix=-7 --program-prefix=x86_64-linux-gnu- --enable-shared --enable-linker-build-id --libexecdir=/usr/lib --without-included-gettext --enable-threads=posix --libdir=/usr/lib --enable-nls --with-sysroot=/ --enable-clocale=gnu --enable-libstdcxx-debug --enable-libstdcxx-time=yes --with-default-libstdcxx-abi=new --enable-gnu-unique-object --disable-vtable-verify --enable-libmpx --enable-plugin --enable-default-pie --with-system-zlib --with-target-system-zlib --enable-objc-gc=auto --enable-multiarch --disable-werror --with-arch-32=i686 --with-abi=m64 --with-multilib-list=m32,m64,mx32 --enable-multilib --with-tune=generic --enable-offload-targets=nvptx-none --without-cuda-driver --enable-checking=release --build=x86_64-linux-gnu --host=x86_64-linux-gnu --target=x86_64-linux-gnu]
  ignore line: [Thread model: posix]
  ignore line: [gcc version 7.3.0 (Ubuntu 7.3.0-27ubuntu1~18.04) ]
  ignore line: [COMPILER_PATH=/usr/lib/gcc/x86_64-linux-gnu/7/:/usr/lib/gcc/x86_64-linux-gnu/7/:/usr/lib/gcc/x86_64-linux-gnu/:/usr/lib/gcc/x86_64-linux-gnu/7/:/usr/lib/gcc/x86_64-linux-gnu/]
  ignore line: [LIBRARY_PATH=/usr/lib/gcc/x86_64-linux-gnu/7/:/usr/lib/gcc/x86_64-linux-gnu/7/../../../x86_64-linux-gnu/:/usr/lib/gcc/x86_64-linux-gnu/7/../../../../lib/:/lib/x86_64-linux-gnu/:/lib/../lib/:/usr/lib/x86_64-linux-gnu/:/usr/lib/../lib/:/usr/lib/gcc/x86_64-linux-gnu/7/../../../:/lib/:/usr/lib/]
  ignore line: [COLLECT_GCC_OPTIONS='-v' '-rdynamic' '-o' 'cmTC_dd8ab' '-shared-libgcc' '-mtune=generic' '-march=x86-64']
  link line: [ /usr/lib/gcc/x86_64-linux-gnu/7/collect2 -plugin /usr/lib/gcc/x86_64-linux-gnu/7/liblto_plugin.so -plugin-opt=/usr/lib/gcc/x86_64-linux-gnu/7/lto-wrapper -plugin-opt=-fresolution=/tmp/ccqQUJjX.res -plugin-opt=-pass-through=-lgcc_s -plugin-opt=-pass-through=-lgcc -plugin-opt=-pass-through=-lc -plugin-opt=-pass-through=-lgcc_s -plugin-opt=-pass-through=-lgcc --sysroot=/ --build-id --eh-frame-hdr -m elf_x86_64 --hash-style=gnu --as-needed -export-dynamic -dynamic-linker /lib64/ld-linux-x86-64.so.2 -pie -z now -z relro -o cmTC_dd8ab /usr/lib/gcc/x86_64-linux-gnu/7/../../../x86_64-linux-gnu/Scrt1.o /usr/lib/gcc/x86_64-linux-gnu/7/../../../x86_64-linux-gnu/crti.o /usr/lib/gcc/x86_64-linux-gnu/7/crtbeginS.o -L/usr/lib/gcc/x86_64-linux-gnu/7 -L/usr/lib/gcc/x86_64-linux-gnu/7/../../../x86_64-linux-gnu -L/usr/lib/gcc/x86_64-linux-gnu/7/../../../../lib -L/lib/x86_64-linux-gnu -L/lib/../lib -L/usr/lib/x86_64-linux-gnu -L/usr/lib/../lib -L/usr/lib/gcc/x86_64-linux-gnu/7/../../.. CMakeFiles/cmTC_dd8ab.dir/CMakeCXXCompilerABI.cpp.o -lstdc++ -lm -lgcc_s -lgcc -lc -lgcc_s -lgcc /usr/lib/gcc/x86_64-linux-gnu/7/crtendS.o /usr/lib/gcc/x86_64-linux-gnu/7/../../../x86_64-linux-gnu/crtn.o]
    arg [/usr/lib/gcc/x86_64-linux-gnu/7/collect2] ==> ignore
    arg [-plugin] ==> ignore
    arg [/usr/lib/gcc/x86_64-linux-gnu/7/liblto_plugin.so] ==> ignore
    arg [-plugin-opt=/usr/lib/gcc/x86_64-linux-gnu/7/lto-wrapper] ==> ignore
    arg [-plugin-opt=-fresolution=/tmp/ccqQUJjX.res] ==> ignore
    arg [-plugin-opt=-pass-through=-lgcc_s] ==> ignore
    arg [-plugin-opt=-pass-through=-lgcc] ==> ignore
    arg [-plugin-opt=-pass-through=-lc] ==> ignore
    arg [-plugin-opt=-pass-through=-lgcc_s] ==> ignore
    arg [-plugin-opt=-pass-through=-lgcc] ==> ignore
    arg [--sysroot=/] ==> ignore
    arg [--build-id] ==> ignore
    arg [--eh-frame-hdr] ==> ignore
    arg [-m] ==> ignore
    arg [elf_x86_64] ==> ignore
    arg [--hash-style=gnu] ==> ignore
    arg [--as-needed] ==> ignore
    arg [-export-dynamic] ==> ignore
    arg [-dynamic-linker] ==> ignore
    arg [/lib64/ld-linux-x86-64.so.2] ==> ignore
    arg [-pie] ==> ignore
    arg [-znow] ==> ignore
    arg [-zrelro] ==> ignore
    arg [-o] ==> ignore
    arg [cmTC_dd8ab] ==> ignore
    arg [/usr/lib/gcc/x86_64-linux-gnu/7/../../../x86_64-linux-gnu/Scrt1.o] ==> ignore
    arg [/usr/lib/gcc/x86_64-linux-gnu/7/../../../x86_64-linux-gnu/crti.o] ==> ignore
    arg [/usr/lib/gcc/x86_64-linux-gnu/7/crtbeginS.o] ==> ignore
    arg [-L/usr/lib/gcc/x86_64-linux-gnu/7] ==> dir [/usr/lib/gcc/x86_64-linux-gnu/7]
    arg [-L/usr/lib/gcc/x86_64-linux-gnu/7/../../../x86_64-linux-gnu] ==> dir [/usr/lib/gcc/x86_64-linux-gnu/7/../../../x86_64-linux-gnu]
    arg [-L/usr/lib/gcc/x86_64-linux-gnu/7/../../../../lib] ==> dir [/usr/lib/gcc/x86_64-linux-gnu/7/../../../../lib]
    arg [-L/lib/x86_64-linux-gnu] ==> dir [/lib/x86_64-linux-gnu]
    arg [-L/lib/../lib] ==> dir [/lib/../lib]
    arg [-L/usr/lib/x86_64-linux-gnu] ==> dir [/usr/lib/x86_64-linux-gnu]
    arg [-L/usr/lib/../lib] ==> dir [/usr/lib/../lib]
    arg [-L/usr/lib/gcc/x86_64-linux-gnu/7/../../..] ==> dir [/usr/lib/gcc/x86_64-linux-gnu/7/../../..]
    arg [CMakeFiles/cmTC_dd8ab.dir/CMakeCXXCompilerABI.cpp.o] ==> ignore
    arg [-lstdc++] ==> lib [stdc++]
    arg [-lm] ==> lib [m]
    arg [-lgcc_s] ==> lib [gcc_s]
    arg [-lgcc] ==> lib [gcc]
    arg [-lc] ==> lib [c]
    arg [-lgcc_s] ==> lib [gcc_s]
    arg [-lgcc] ==> lib [gcc]
    arg [/usr/lib/gcc/x86_64-linux-gnu/7/crtendS.o] ==> ignore
    arg [/usr/lib/gcc/x86_64-linux-gnu/7/../../../x86_64-linux-gnu/crtn.o] ==> ignore
  collapse library dir [/usr/lib/gcc/x86_64-linux-gnu/7] ==> [/usr/lib/gcc/x86_64-linux-gnu/7]
  collapse library dir [/usr/lib/gcc/x86_64-linux-gnu/7/../../../x86_64-linux-gnu] ==> [/usr/lib/x86_64-linux-gnu]
  collapse library dir [/usr/lib/gcc/x86_64-linux-gnu/7/../../../../lib] ==> [/usr/lib]
  collapse library dir [/lib/x86_64-linux-gnu] ==> [/lib/x86_64-linux-gnu]
  collapse library dir [/lib/../lib] ==> [/lib]
  collapse library dir [/usr/lib/x86_64-linux-gnu] ==> [/usr/lib/x86_64-linux-gnu]
  collapse library dir [/usr/lib/../lib] ==> [/usr/lib]
  collapse library dir [/usr/lib/gcc/x86_64-linux-gnu/7/../../..] ==> [/usr/lib]
  implicit libs: [stdc++;m;gcc_s;gcc;c;gcc_s;gcc]
  implicit dirs: [/usr/lib/gcc/x86_64-linux-gnu/7;/usr/lib/x86_64-linux-gnu;/usr/lib;/lib/x86_64-linux-gnu;/lib]
  implicit fwks: []




Detecting CXX [-std=c++1z] compiler features compiled with the following output:
Change Dir: /home/legaller/Logiciels/poppler-0.72.0/build/CMakeFiles/CMakeTmp

Run Build Command:"/usr/bin/make" "cmTC_e05af/fast"
/usr/bin/make -f CMakeFiles/cmTC_e05af.dir/build.make CMakeFiles/cmTC_e05af.dir/build
make[1] : on entre dans le répertoire « /home/legaller/Logiciels/poppler-0.72.0/build/CMakeFiles/CMakeTmp »
Building CXX object CMakeFiles/cmTC_e05af.dir/feature_tests.cxx.o
/usr/bin/c++    -std=c++1z -o CMakeFiles/cmTC_e05af.dir/feature_tests.cxx.o -c /home/legaller/Logiciels/poppler-0.72.0/build/CMakeFiles/feature_tests.cxx
Linking CXX executable cmTC_e05af
/usr/bin/cmake -E cmake_link_script CMakeFiles/cmTC_e05af.dir/link.txt --verbose=1
/usr/bin/c++       -rdynamic CMakeFiles/cmTC_e05af.dir/feature_tests.cxx.o  -o cmTC_e05af 
make[1] : on quitte le répertoire « /home/legaller/Logiciels/poppler-0.72.0/build/CMakeFiles/CMakeTmp »


    Feature record: CXX_FEATURE:1cxx_aggregate_default_initializers
    Feature record: CXX_FEATURE:1cxx_alias_templates
    Feature record: CXX_FEATURE:1cxx_alignas
    Feature record: CXX_FEATURE:1cxx_alignof
    Feature record: CXX_FEATURE:1cxx_attributes
    Feature record: CXX_FEATURE:1cxx_attribute_deprecated
    Feature record: CXX_FEATURE:1cxx_auto_type
    Feature record: CXX_FEATURE:1cxx_binary_literals
    Feature record: CXX_FEATURE:1cxx_constexpr
    Feature record: CXX_FEATURE:1cxx_contextual_conversions
    Feature record: CXX_FEATURE:1cxx_decltype
    Feature record: CXX_FEATURE:1cxx_decltype_auto
    Feature record: CXX_FEATURE:1cxx_decltype_incomplete_return_types
    Feature record: CXX_FEATURE:1cxx_default_function_template_args
    Feature record: CXX_FEATURE:1cxx_defaulted_functions
    Feature record: CXX_FEATURE:1cxx_defaulted_move_initializers
    Feature record: CXX_FEATURE:1cxx_delegating_constructors
    Feature record: CXX_FEATURE:1cxx_deleted_functions
    Feature record: CXX_FEATURE:1cxx_digit_separators
    Feature record: CXX_FEATURE:1cxx_enum_forward_declarations
    Feature record: CXX_FEATURE:1cxx_explicit_conversions
    Feature record: CXX_FEATURE:1cxx_extended_friend_declarations
    Feature record: CXX_FEATURE:1cxx_extern_templates
    Feature record: CXX_FEATURE:1cxx_final
    Feature record: CXX_FEATURE:1cxx_func_identifier
    Feature record: CXX_FEATURE:1cxx_generalized_initializers
    Feature record: CXX_FEATURE:1cxx_generic_lambdas
    Feature record: CXX_FEATURE:1cxx_inheriting_constructors
    Feature record: CXX_FEATURE:1cxx_inline_namespaces
    Feature record: CXX_FEATURE:1cxx_lambdas
    Feature record: CXX_FEATURE:1cxx_lambda_init_captures
    Feature record: CXX_FEATURE:1cxx_local_type_template_args
    Feature record: CXX_FEATURE:1cxx_long_long_type
    Feature record: CXX_FEATURE:1cxx_noexcept
    Feature record: CXX_FEATURE:1cxx_nonstatic_member_init
    Feature record: CXX_FEATURE:1cxx_nullptr
    Feature record: CXX_FEATURE:1cxx_override
    Feature record: CXX_FEATURE:1cxx_range_for
    Feature record: CXX_FEATURE:1cxx_raw_string_literals
    Feature record: CXX_FEATURE:1cxx_reference_qualified_functions
    Feature record: CXX_FEATURE:1cxx_relaxed_constexpr
    Feature record: CXX_FEATURE:1cxx_return_type_deduction
    Feature record: CXX_FEATURE:1cxx_right_angle_brackets
    Feature record: CXX_FEATURE:1cxx_rvalue_references
    Feature record: CXX_FEATURE:1cxx_sizeof_member
    Feature record: CXX_FEATURE:1cxx_static_assert
    Feature record: CXX_FEATURE:1cxx_strong_enums
    Feature record: CXX_FEATURE:1cxx_template_template_parameters
    Feature record: CXX_FEATURE:1cxx_thread_local
    Feature record: CXX_FEATURE:1cxx_trailing_return_types
    Feature record: CXX_FEATURE:1cxx_unicode_literals
    Feature record: CXX_FEATURE:1cxx_uniform_initialization
    Feature record: CXX_FEATURE:1cxx_unrestricted_unions
    Feature record: CXX_FEATURE:1cxx_user_literals
    Feature record: CXX_FEATURE:1cxx_variable_templates
    Feature record: CXX_FEATURE:1cxx_variadic_macros
    Feature record: CXX_FEATURE:1cxx_variadic_templates


Detecting CXX [-std=c++14] compiler features compiled with the following output:
Change Dir: /home/legaller/Logiciels/poppler-0.72.0/build/CMakeFiles/CMakeTmp

Run Build Command:"/usr/bin/make" "cmTC_721ed/fast"
/usr/bin/make -f CMakeFiles/cmTC_721ed.dir/build.make CMakeFiles/cmTC_721ed.dir/build
make[1] : on entre dans le répertoire « /home/legaller/Logiciels/poppler-0.72.0/build/CMakeFiles/CMakeTmp »
Building CXX object CMakeFiles/cmTC_721ed.dir/feature_tests.cxx.o
/usr/bin/c++    -std=c++14 -o CMakeFiles/cmTC_721ed.dir/feature_tests.cxx.o -c /home/legaller/Logiciels/poppler-0.72.0/build/CMakeFiles/feature_tests.cxx
Linking CXX executable cmTC_721ed
/usr/bin/cmake -E cmake_link_script CMakeFiles/cmTC_721ed.dir/link.txt --verbose=1
/usr/bin/c++       -rdynamic CMakeFiles/cmTC_721ed.dir/feature_tests.cxx.o  -o cmTC_721ed 
make[1] : on quitte le répertoire « /home/legaller/Logiciels/poppler-0.72.0/build/CMakeFiles/CMakeTmp »


    Feature record: CXX_FEATURE:1cxx_aggregate_default_initializers
    Feature record: CXX_FEATURE:1cxx_alias_templates
    Feature record: CXX_FEATURE:1cxx_alignas
    Feature record: CXX_FEATURE:1cxx_alignof
    Feature record: CXX_FEATURE:1cxx_attributes
    Feature record: CXX_FEATURE:1cxx_attribute_deprecated
    Feature record: CXX_FEATURE:1cxx_auto_type
    Feature record: CXX_FEATURE:1cxx_binary_literals
    Feature record: CXX_FEATURE:1cxx_constexpr
    Feature record: CXX_FEATURE:1cxx_contextual_conversions
    Feature record: CXX_FEATURE:1cxx_decltype
    Feature record: CXX_FEATURE:1cxx_decltype_auto
    Feature record: CXX_FEATURE:1cxx_decltype_incomplete_return_types
    Feature record: CXX_FEATURE:1cxx_default_function_template_args
    Feature record: CXX_FEATURE:1cxx_defaulted_functions
    Feature record: CXX_FEATURE:1cxx_defaulted_move_initializers
    Feature record: CXX_FEATURE:1cxx_delegating_constructors
    Feature record: CXX_FEATURE:1cxx_deleted_functions
    Feature record: CXX_FEATURE:1cxx_digit_separators
    Feature record: CXX_FEATURE:1cxx_enum_forward_declarations
    Feature record: CXX_FEATURE:1cxx_explicit_conversions
    Feature record: CXX_FEATURE:1cxx_extended_friend_declarations
    Feature record: CXX_FEATURE:1cxx_extern_templates
    Feature record: CXX_FEATURE:1cxx_final
    Feature record: CXX_FEATURE:1cxx_func_identifier
    Feature record: CXX_FEATURE:1cxx_generalized_initializers
    Feature record: CXX_FEATURE:1cxx_generic_lambdas
    Feature record: CXX_FEATURE:1cxx_inheriting_constructors
    Feature record: CXX_FEATURE:1cxx_inline_namespaces
    Feature record: CXX_FEATURE:1cxx_lambdas
    Feature record: CXX_FEATURE:1cxx_lambda_init_captures
    Feature record: CXX_FEATURE:1cxx_local_type_template_args
    Feature record: CXX_FEATURE:1cxx_long_long_type
    Feature record: CXX_FEATURE:1cxx_noexcept
    Feature record: CXX_FEATURE:1cxx_nonstatic_member_init
    Feature record: CXX_FEATURE:1cxx_nullptr
    Feature record: CXX_FEATURE:1cxx_override
    Feature record: CXX_FEATURE:1cxx_range_for
    Feature record: CXX_FEATURE:1cxx_raw_string_literals
    Feature record: CXX_FEATURE:1cxx_reference_qualified_functions
    Feature record: CXX_FEATURE:1cxx_relaxed_constexpr
    Feature record: CXX_FEATURE:1cxx_return_type_deduction
    Feature record: CXX_FEATURE:1cxx_right_angle_brackets
    Feature record: CXX_FEATURE:1cxx_rvalue_references
    Feature record: CXX_FEATURE:1cxx_sizeof_member
    Feature record: CXX_FEATURE:1cxx_static_assert
    Feature record: CXX_FEATURE:1cxx_strong_enums
    Feature record: CXX_FEATURE:1cxx_template_template_parameters
    Feature record: CXX_FEATURE:1cxx_thread_local
    Feature record: CXX_FEATURE:1cxx_trailing_return_types
    Feature record: CXX_FEATURE:1cxx_unicode_literals
    Feature record: CXX_FEATURE:1cxx_uniform_initialization
    Feature record: CXX_FEATURE:1cxx_unrestricted_unions
    Feature record: CXX_FEATURE:1cxx_user_literals
    Feature record: CXX_FEATURE:1cxx_variable_templates
    Feature record: CXX_FEATURE:1cxx_variadic_macros
    Feature record: CXX_FEATURE:1cxx_variadic_templates


Detecting CXX [-std=c++11] compiler features compiled with the following output:
Change Dir: /home/legaller/Logiciels/poppler-0.72.0/build/CMakeFiles/CMakeTmp

Run Build Command:"/usr/bin/make" "cmTC_92bbf/fast"
/usr/bin/make -f CMakeFiles/cmTC_92bbf.dir/build.make CMakeFiles/cmTC_92bbf.dir/build
make[1] : on entre dans le répertoire « /home/legaller/Logiciels/poppler-0.72.0/build/CMakeFiles/CMakeTmp »
Building CXX object CMakeFiles/cmTC_92bbf.dir/feature_tests.cxx.o
/usr/bin/c++    -std=c++11 -o CMakeFiles/cmTC_92bbf.dir/feature_tests.cxx.o -c /home/legaller/Logiciels/poppler-0.72.0/build/CMakeFiles/feature_tests.cxx
Linking CXX executable cmTC_92bbf
/usr/bin/cmake -E cmake_link_script CMakeFiles/cmTC_92bbf.dir/link.txt --verbose=1
/usr/bin/c++       -rdynamic CMakeFiles/cmTC_92bbf.dir/feature_tests.cxx.o  -o cmTC_92bbf 
make[1] : on quitte le répertoire « /home/legaller/Logiciels/poppler-0.72.0/build/CMakeFiles/CMakeTmp »


    Feature record: CXX_FEATURE:0cxx_aggregate_default_initializers
    Feature record: CXX_FEATURE:1cxx_alias_templates
    Feature record: CXX_FEATURE:1cxx_alignas
    Feature record: CXX_FEATURE:1cxx_alignof
    Feature record: CXX_FEATURE:1cxx_attributes
    Feature record: CXX_FEATURE:0cxx_attribute_deprecated
    Feature record: CXX_FEATURE:1cxx_auto_type
    Feature record: CXX_FEATURE:0cxx_binary_literals
    Feature record: CXX_FEATURE:1cxx_constexpr
    Feature record: CXX_FEATURE:0cxx_contextual_conversions
    Feature record: CXX_FEATURE:1cxx_decltype
    Feature record: CXX_FEATURE:0cxx_decltype_auto
    Feature record: CXX_FEATURE:1cxx_decltype_incomplete_return_types
    Feature record: CXX_FEATURE:1cxx_default_function_template_args
    Feature record: CXX_FEATURE:1cxx_defaulted_functions
    Feature record: CXX_FEATURE:1cxx_defaulted_move_initializers
    Feature record: CXX_FEATURE:1cxx_delegating_constructors
    Feature record: CXX_FEATURE:1cxx_deleted_functions
    Feature record: CXX_FEATURE:0cxx_digit_separators
    Feature record: CXX_FEATURE:1cxx_enum_forward_declarations
    Feature record: CXX_FEATURE:1cxx_explicit_conversions
    Feature record: CXX_FEATURE:1cxx_extended_friend_declarations
    Feature record: CXX_FEATURE:1cxx_extern_templates
    Feature record: CXX_FEATURE:1cxx_final
    Feature record: CXX_FEATURE:1cxx_func_identifier
    Feature record: CXX_FEATURE:1cxx_generalized_initializers
    Feature record: CXX_FEATURE:0cxx_generic_lambdas
    Feature record: CXX_FEATURE:1cxx_inheriting_constructors
    Feature record: CXX_FEATURE:1cxx_inline_namespaces
    Feature record: CXX_FEATURE:1cxx_lambdas
    Feature record: CXX_FEATURE:0cxx_lambda_init_captures
    Feature record: CXX_FEATURE:1cxx_local_type_template_args
    Feature record: CXX_FEATURE:1cxx_long_long_type
    Feature record: CXX_FEATURE:1cxx_noexcept
    Feature record: CXX_FEATURE:1cxx_nonstatic_member_init
    Feature record: CXX_FEATURE:1cxx_nullptr
    Feature record: CXX_FEATURE:1cxx_override
    Feature record: CXX_FEATURE:1cxx_range_for
    Feature record: CXX_FEATURE:1cxx_raw_string_literals
    Feature record: CXX_FEATURE:1cxx_reference_qualified_functions
    Feature record: CXX_FEATURE:0cxx_relaxed_constexpr
    Feature record: CXX_FEATURE:0cxx_return_type_deduction
    Feature record: CXX_FEATURE:1cxx_right_angle_brackets
    Feature record: CXX_FEATURE:1cxx_rvalue_references
    Feature record: CXX_FEATURE:1cxx_sizeof_member
    Feature record: CXX_FEATURE:1cxx_static_assert
    Feature record: CXX_FEATURE:1cxx_strong_enums
    Feature record: CXX_FEATURE:1cxx_template_template_parameters
    Feature record: CXX_FEATURE:1cxx_thread_local
    Feature record: CXX_FEATURE:1cxx_trailing_return_types
    Feature record: CXX_FEATURE:1cxx_unicode_literals
    Feature record: CXX_FEATURE:1cxx_uniform_initialization
    Feature record: CXX_FEATURE:1cxx_unrestricted_unions
    Feature record: CXX_FEATURE:1cxx_user_literals
    Feature record: CXX_FEATURE:0cxx_variable_templates
    Feature record: CXX_FEATURE:1cxx_variadic_macros
    Feature record: CXX_FEATURE:1cxx_variadic_templates


Detecting CXX [-std=c++98] compiler features compiled with the following output:
Change Dir: /home/legaller/Logiciels/poppler-0.72.0/build/CMakeFiles/CMakeTmp

Run Build Command:"/usr/bin/make" "cmTC_9a524/fast"
/usr/bin/make -f CMakeFiles/cmTC_9a524.dir/build.make CMakeFiles/cmTC_9a524.dir/build
make[1] : on entre dans le répertoire « /home/legaller/Logiciels/poppler-0.72.0/build/CMakeFiles/CMakeTmp »
Building CXX object CMakeFiles/cmTC_9a524.dir/feature_tests.cxx.o
/usr/bin/c++    -std=c++98 -o CMakeFiles/cmTC_9a524.dir/feature_tests.cxx.o -c /home/legaller/Logiciels/poppler-0.72.0/build/CMakeFiles/feature_tests.cxx
Linking CXX executable cmTC_9a524
/usr/bin/cmake -E cmake_link_script CMakeFiles/cmTC_9a524.dir/link.txt --verbose=1
/usr/bin/c++       -rdynamic CMakeFiles/cmTC_9a524.dir/feature_tests.cxx.o  -o cmTC_9a524 
make[1] : on quitte le répertoire « /home/legaller/Logiciels/poppler-0.72.0/build/CMakeFiles/CMakeTmp »


    Feature record: CXX_FEATURE:0cxx_aggregate_default_initializers
    Feature record: CXX_FEATURE:0cxx_alias_templates
    Feature record: CXX_FEATURE:0cxx_alignas
    Feature record: CXX_FEATURE:0cxx_alignof
    Feature record: CXX_FEATURE:0cxx_attributes
    Feature record: CXX_FEATURE:0cxx_attribute_deprecated
    Feature record: CXX_FEATURE:0cxx_auto_type
    Feature record: CXX_FEATURE:0cxx_binary_literals
    Feature record: CXX_FEATURE:0cxx_constexpr
    Feature record: CXX_FEATURE:0cxx_contextual_conversions
    Feature record: CXX_FEATURE:0cxx_decltype
    Feature record: CXX_FEATURE:0cxx_decltype_auto
    Feature record: CXX_FEATURE:0cxx_decltype_incomplete_return_types
    Feature record: CXX_FEATURE:0cxx_default_function_template_args
    Feature record: CXX_FEATURE:0cxx_defaulted_functions
    Feature record: CXX_FEATURE:0cxx_defaulted_move_initializers
    Feature record: CXX_FEATURE:0cxx_delegating_constructors
    Feature record: CXX_FEATURE:0cxx_deleted_functions
    Feature record: CXX_FEATURE:0cxx_digit_separators
    Feature record: CXX_FEATURE:0cxx_enum_forward_declarations
    Feature record: CXX_FEATURE:0cxx_explicit_conversions
    Feature record: CXX_FEATURE:0cxx_extended_friend_declarations
    Feature record: CXX_FEATURE:0cxx_extern_templates
    Feature record: CXX_FEATURE:0cxx_final
    Feature record: CXX_FEATURE:0cxx_func_identifier
    Feature record: CXX_FEATURE:0cxx_generalized_initializers
    Feature record: CXX_FEATURE:0cxx_generic_lambdas
    Feature record: CXX_FEATURE:0cxx_inheriting_constructors
    Feature record: CXX_FEATURE:0cxx_inline_namespaces
    Feature record: CXX_FEATURE:0cxx_lambdas
    Feature record: CXX_FEATURE:0cxx_lambda_init_captures
    Feature record: CXX_FEATURE:0cxx_local_type_template_args
    Feature record: CXX_FEATURE:0cxx_long_long_type
    Feature record: CXX_FEATURE:0cxx_noexcept
    Feature record: CXX_FEATURE:0cxx_nonstatic_member_init
    Feature record: CXX_FEATURE:0cxx_nullptr
    Feature record: CXX_FEATURE:0cxx_override
    Feature record: CXX_FEATURE:0cxx_range_for
    Feature record: CXX_FEATURE:0cxx_raw_string_literals
    Feature record: CXX_FEATURE:0cxx_reference_qualified_functions
    Feature record: CXX_FEATURE:0cxx_relaxed_constexpr
    Feature record: CXX_FEATURE:0cxx_return_type_deduction
    Feature record: CXX_FEATURE:0cxx_right_angle_brackets
    Feature record: CXX_FEATURE:0cxx_rvalue_references
    Feature record: CXX_FEATURE:0cxx_sizeof_member
    Feature record: CXX_FEATURE:0cxx_static_assert
    Feature record: CXX_FEATURE:0cxx_strong_enums
    Feature record: CXX_FEATURE:1cxx_template_template_parameters
    Feature record: CXX_FEATURE:0cxx_thread_local
    Feature record: CXX_FEATURE:0cxx_trailing_return_types
    Feature record: CXX_FEATURE:0cxx_unicode_literals
    Feature record: CXX_FEATURE:0cxx_uniform_initialization
    Feature record: CXX_FEATURE:0cxx_unrestricted_unions
    Feature record: CXX_FEATURE:0cxx_user_literals
    Feature record: CXX_FEATURE:0cxx_variable_templates
    Feature record: CXX_FEATURE:0cxx_variadic_macros
    Feature record: CXX_FEATURE:0cxx_variadic_templates
Performing C++ SOURCE FILE Test GCC_HAS_AS_NEEDED succeeded with the following output:
Change Dir: /home/legaller/Logiciels/poppler-0.72.0/build/CMakeFiles/CMakeTmp

Run Build Command:"/usr/bin/make" "cmTC_6d079/fast"
/usr/bin/make -f CMakeFiles/cmTC_6d079.dir/build.make CMakeFiles/cmTC_6d079.dir/build
make[1] : on entre dans le répertoire « /home/legaller/Logiciels/poppler-0.72.0/build/CMakeFiles/CMakeTmp »
Building CXX object CMakeFiles/cmTC_6d079.dir/src.cxx.o
/usr/bin/c++    -fno-exceptions -fno-check-new -fno-common -D_DEFAULT_SOURCE -DGCC_HAS_AS_NEEDED   -o CMakeFiles/cmTC_6d079.dir/src.cxx.o -c /home/legaller/Logiciels/poppler-0.72.0/build/CMakeFiles/CMakeTmp/src.cxx
Linking CXX executable cmTC_6d079
/usr/bin/cmake -E cmake_link_script CMakeFiles/cmTC_6d079.dir/link.txt --verbose=1
/usr/bin/c++  -fno-exceptions -fno-check-new -fno-common -D_DEFAULT_SOURCE -DGCC_HAS_AS_NEEDED    -rdynamic CMakeFiles/cmTC_6d079.dir/src.cxx.o  -o cmTC_6d079 -Wl,--as-needed 
make[1] : on quitte le répertoire « /home/legaller/Logiciels/poppler-0.72.0/build/CMakeFiles/CMakeTmp »

Source file was:
int main() { return 0; }
Determining if the include file pthread.h exists passed with the following output:
Change Dir: /home/legaller/Logiciels/poppler-0.72.0/build/CMakeFiles/CMakeTmp

Run Build Command:"/usr/bin/make" "cmTC_000dd/fast"
/usr/bin/make -f CMakeFiles/cmTC_000dd.dir/build.make CMakeFiles/cmTC_000dd.dir/build
make[1] : on entre dans le répertoire « /home/legaller/Logiciels/poppler-0.72.0/build/CMakeFiles/CMakeTmp »
Building C object CMakeFiles/cmTC_000dd.dir/CheckIncludeFile.c.o
/usr/bin/cc   -std=c99 -D_DEFAULT_SOURCE    -o CMakeFiles/cmTC_000dd.dir/CheckIncludeFile.c.o   -c /home/legaller/Logiciels/poppler-0.72.0/build/CMakeFiles/CMakeTmp/CheckIncludeFile.c
Linking C executable cmTC_000dd
/usr/bin/cmake -E cmake_link_script CMakeFiles/cmTC_000dd.dir/link.txt --verbose=1
/usr/bin/cc -std=c99 -D_DEFAULT_SOURCE     -rdynamic CMakeFiles/cmTC_000dd.dir/CheckIncludeFile.c.o  -o cmTC_000dd 
make[1] : on quitte le répertoire « /home/legaller/Logiciels/poppler-0.72.0/build/CMakeFiles/CMakeTmp »


Determining if the include file sys/types.h exists passed with the following output:
Change Dir: /home/legaller/Logiciels/poppler-0.72.0/build/CMakeFiles/CMakeTmp

Run Build Command:"/usr/bin/make" "cmTC_0167b/fast"
/usr/bin/make -f CMakeFiles/cmTC_0167b.dir/build.make CMakeFiles/cmTC_0167b.dir/build
make[1] : on entre dans le répertoire « /home/legaller/Logiciels/poppler-0.72.0/build/CMakeFiles/CMakeTmp »
Building C object CMakeFiles/cmTC_0167b.dir/CheckIncludeFile.c.o
/usr/bin/cc   -std=c99 -D_DEFAULT_SOURCE    -o CMakeFiles/cmTC_0167b.dir/CheckIncludeFile.c.o   -c /home/legaller/Logiciels/poppler-0.72.0/build/CMakeFiles/CMakeTmp/CheckIncludeFile.c
Linking C executable cmTC_0167b
/usr/bin/cmake -E cmake_link_script CMakeFiles/cmTC_0167b.dir/link.txt --verbose=1
/usr/bin/cc -std=c99 -D_DEFAULT_SOURCE     -rdynamic CMakeFiles/cmTC_0167b.dir/CheckIncludeFile.c.o  -o cmTC_0167b 
make[1] : on quitte le répertoire « /home/legaller/Logiciels/poppler-0.72.0/build/CMakeFiles/CMakeTmp »


Determining if the include file stdint.h exists passed with the following output:
Change Dir: /home/legaller/Logiciels/poppler-0.72.0/build/CMakeFiles/CMakeTmp

Run Build Command:"/usr/bin/make" "cmTC_b45f6/fast"
/usr/bin/make -f CMakeFiles/cmTC_b45f6.dir/build.make CMakeFiles/cmTC_b45f6.dir/build
make[1] : on entre dans le répertoire « /home/legaller/Logiciels/poppler-0.72.0/build/CMakeFiles/CMakeTmp »
Building C object CMakeFiles/cmTC_b45f6.dir/CheckIncludeFile.c.o
/usr/bin/cc   -std=c99 -D_DEFAULT_SOURCE    -o CMakeFiles/cmTC_b45f6.dir/CheckIncludeFile.c.o   -c /home/legaller/Logiciels/poppler-0.72.0/build/CMakeFiles/CMakeTmp/CheckIncludeFile.c
Linking C executable cmTC_b45f6
/usr/bin/cmake -E cmake_link_script CMakeFiles/cmTC_b45f6.dir/link.txt --verbose=1
/usr/bin/cc -std=c99 -D_DEFAULT_SOURCE     -rdynamic CMakeFiles/cmTC_b45f6.dir/CheckIncludeFile.c.o  -o cmTC_b45f6 
make[1] : on quitte le répertoire « /home/legaller/Logiciels/poppler-0.72.0/build/CMakeFiles/CMakeTmp »


Determining if the include file stddef.h exists passed with the following output:
Change Dir: /home/legaller/Logiciels/poppler-0.72.0/build/CMakeFiles/CMakeTmp

Run Build Command:"/usr/bin/make" "cmTC_bf62a/fast"
/usr/bin/make -f CMakeFiles/cmTC_bf62a.dir/build.make CMakeFiles/cmTC_bf62a.dir/build
make[1] : on entre dans le répertoire « /home/legaller/Logiciels/poppler-0.72.0/build/CMakeFiles/CMakeTmp »
Building C object CMakeFiles/cmTC_bf62a.dir/CheckIncludeFile.c.o
/usr/bin/cc   -std=c99 -D_DEFAULT_SOURCE    -o CMakeFiles/cmTC_bf62a.dir/CheckIncludeFile.c.o   -c /home/legaller/Logiciels/poppler-0.72.0/build/CMakeFiles/CMakeTmp/CheckIncludeFile.c
Linking C executable cmTC_bf62a
/usr/bin/cmake -E cmake_link_script CMakeFiles/cmTC_bf62a.dir/link.txt --verbose=1
/usr/bin/cc -std=c99 -D_DEFAULT_SOURCE     -rdynamic CMakeFiles/cmTC_bf62a.dir/CheckIncludeFile.c.o  -o cmTC_bf62a 
make[1] : on quitte le répertoire « /home/legaller/Logiciels/poppler-0.72.0/build/CMakeFiles/CMakeTmp »


Determining size of unsigned short passed with the following output:
Change Dir: /home/legaller/Logiciels/poppler-0.72.0/build/CMakeFiles/CMakeTmp

Run Build Command:"/usr/bin/make" "cmTC_4b0d8/fast"
/usr/bin/make -f CMakeFiles/cmTC_4b0d8.dir/build.make CMakeFiles/cmTC_4b0d8.dir/build
make[1] : on entre dans le répertoire « /home/legaller/Logiciels/poppler-0.72.0/build/CMakeFiles/CMakeTmp »
Building C object CMakeFiles/cmTC_4b0d8.dir/CMAKE_SIZEOF_UNSIGNED_SHORT.c.o
/usr/bin/cc   -std=c99 -D_DEFAULT_SOURCE    -o CMakeFiles/cmTC_4b0d8.dir/CMAKE_SIZEOF_UNSIGNED_SHORT.c.o   -c /home/legaller/Logiciels/poppler-0.72.0/build/CMakeFiles/CheckTypeSize/CMAKE_SIZEOF_UNSIGNED_SHORT.c
Linking C executable cmTC_4b0d8
/usr/bin/cmake -E cmake_link_script CMakeFiles/cmTC_4b0d8.dir/link.txt --verbose=1
/usr/bin/cc -std=c99 -D_DEFAULT_SOURCE     -rdynamic CMakeFiles/cmTC_4b0d8.dir/CMAKE_SIZEOF_UNSIGNED_SHORT.c.o  -o cmTC_4b0d8 
make[1] : on quitte le répertoire « /home/legaller/Logiciels/poppler-0.72.0/build/CMakeFiles/CMakeTmp »


Determining if the system is big endian passed with the following output:
Change Dir: /home/legaller/Logiciels/poppler-0.72.0/build/CMakeFiles/CMakeTmp

Run Build Command:"/usr/bin/make" "cmTC_8af08/fast"
/usr/bin/make -f CMakeFiles/cmTC_8af08.dir/build.make CMakeFiles/cmTC_8af08.dir/build
make[1] : on entre dans le répertoire « /home/legaller/Logiciels/poppler-0.72.0/build/CMakeFiles/CMakeTmp »
Building C object CMakeFiles/cmTC_8af08.dir/TestEndianess.c.o
/usr/bin/cc   -std=c99 -D_DEFAULT_SOURCE    -o CMakeFiles/cmTC_8af08.dir/TestEndianess.c.o   -c /home/legaller/Logiciels/poppler-0.72.0/build/CMakeFiles/CMakeTmp/TestEndianess.c
Linking C executable cmTC_8af08
/usr/bin/cmake -E cmake_link_script CMakeFiles/cmTC_8af08.dir/link.txt --verbose=1
/usr/bin/cc -std=c99 -D_DEFAULT_SOURCE     -rdynamic CMakeFiles/cmTC_8af08.dir/TestEndianess.c.o  -o cmTC_8af08 
make[1] : on quitte le répertoire « /home/legaller/Logiciels/poppler-0.72.0/build/CMakeFiles/CMakeTmp »

TestEndianess.c:
/* A 16 bit integer is required. */
typedef unsigned short cmakeint16;

/* On a little endian machine, these 16bit ints will give "THIS IS LITTLE ENDIAN."
   On a big endian machine the characters will be exchanged pairwise. */
const cmakeint16 info_little[] =  {0x4854, 0x5349, 0x4920, 0x2053, 0x494c, 0x5454, 0x454c, 0x4520, 0x444e, 0x4149, 0x2e4e, 0x0000};

/* on a big endian machine, these 16bit ints will give "THIS IS BIG ENDIAN."
   On a little endian machine the characters will be exchanged pairwise. */
const cmakeint16 info_big[] =     {0x5448, 0x4953, 0x2049, 0x5320, 0x4249, 0x4720, 0x454e, 0x4449, 0x414e, 0x2e2e, 0x0000};

#ifdef __CLASSIC_C__
int main(argc, argv) int argc; char *argv[];
#else
int main(int argc, char *argv[])
#endif
{
  int require = 0;
  require += info_little[argc];
  require += info_big[argc];
  (void)argv;
  return require;
}


Determining if files dlfcn.h exist passed with the following output:
Change Dir: /home/legaller/Logiciels/poppler-0.72.0/build/CMakeFiles/CMakeTmp

Run Build Command:"/usr/bin/make" "cmTC_faf02/fast"
/usr/bin/make -f CMakeFiles/cmTC_faf02.dir/build.make CMakeFiles/cmTC_faf02.dir/build
make[1] : on entre dans le répertoire « /home/legaller/Logiciels/poppler-0.72.0/build/CMakeFiles/CMakeTmp »
Building C object CMakeFiles/cmTC_faf02.dir/CheckIncludeFiles.c.o
/usr/bin/cc   -Wall -std=c99 -D_DEFAULT_SOURCE    -o CMakeFiles/cmTC_faf02.dir/CheckIncludeFiles.c.o   -c /home/legaller/Logiciels/poppler-0.72.0/build/CMakeFiles/CMakeTmp/CheckIncludeFiles.c
Linking C executable cmTC_faf02
/usr/bin/cmake -E cmake_link_script CMakeFiles/cmTC_faf02.dir/link.txt --verbose=1
/usr/bin/cc -Wall -std=c99 -D_DEFAULT_SOURCE     -rdynamic CMakeFiles/cmTC_faf02.dir/CheckIncludeFiles.c.o  -o cmTC_faf02 
make[1] : on quitte le répertoire « /home/legaller/Logiciels/poppler-0.72.0/build/CMakeFiles/CMakeTmp »


Determining if files fcntl.h exist passed with the following output:
Change Dir: /home/legaller/Logiciels/poppler-0.72.0/build/CMakeFiles/CMakeTmp

Run Build Command:"/usr/bin/make" "cmTC_e7cfa/fast"
/usr/bin/make -f CMakeFiles/cmTC_e7cfa.dir/build.make CMakeFiles/cmTC_e7cfa.dir/build
make[1] : on entre dans le répertoire « /home/legaller/Logiciels/poppler-0.72.0/build/CMakeFiles/CMakeTmp »
Building C object CMakeFiles/cmTC_e7cfa.dir/CheckIncludeFiles.c.o
/usr/bin/cc   -Wall -std=c99 -D_DEFAULT_SOURCE    -o CMakeFiles/cmTC_e7cfa.dir/CheckIncludeFiles.c.o   -c /home/legaller/Logiciels/poppler-0.72.0/build/CMakeFiles/CMakeTmp/CheckIncludeFiles.c
Linking C executable cmTC_e7cfa
/usr/bin/cmake -E cmake_link_script CMakeFiles/cmTC_e7cfa.dir/link.txt --verbose=1
/usr/bin/cc -Wall -std=c99 -D_DEFAULT_SOURCE     -rdynamic CMakeFiles/cmTC_e7cfa.dir/CheckIncludeFiles.c.o  -o cmTC_e7cfa 
make[1] : on quitte le répertoire « /home/legaller/Logiciels/poppler-0.72.0/build/CMakeFiles/CMakeTmp »


Determining if files stdlib.h exist passed with the following output:
Change Dir: /home/legaller/Logiciels/poppler-0.72.0/build/CMakeFiles/CMakeTmp

Run Build Command:"/usr/bin/make" "cmTC_05f64/fast"
/usr/bin/make -f CMakeFiles/cmTC_05f64.dir/build.make CMakeFiles/cmTC_05f64.dir/build
make[1] : on entre dans le répertoire « /home/legaller/Logiciels/poppler-0.72.0/build/CMakeFiles/CMakeTmp »
Building C object CMakeFiles/cmTC_05f64.dir/CheckIncludeFiles.c.o
/usr/bin/cc   -Wall -std=c99 -D_DEFAULT_SOURCE    -o CMakeFiles/cmTC_05f64.dir/CheckIncludeFiles.c.o   -c /home/legaller/Logiciels/poppler-0.72.0/build/CMakeFiles/CMakeTmp/CheckIncludeFiles.c
Linking C executable cmTC_05f64
/usr/bin/cmake -E cmake_link_script CMakeFiles/cmTC_05f64.dir/link.txt --verbose=1
/usr/bin/cc -Wall -std=c99 -D_DEFAULT_SOURCE     -rdynamic CMakeFiles/cmTC_05f64.dir/CheckIncludeFiles.c.o  -o cmTC_05f64 
make[1] : on quitte le répertoire « /home/legaller/Logiciels/poppler-0.72.0/build/CMakeFiles/CMakeTmp »


Determining if files sys/mman.h exist passed with the following output:
Change Dir: /home/legaller/Logiciels/poppler-0.72.0/build/CMakeFiles/CMakeTmp

Run Build Command:"/usr/bin/make" "cmTC_84142/fast"
/usr/bin/make -f CMakeFiles/cmTC_84142.dir/build.make CMakeFiles/cmTC_84142.dir/build
make[1] : on entre dans le répertoire « /home/legaller/Logiciels/poppler-0.72.0/build/CMakeFiles/CMakeTmp »
Building C object CMakeFiles/cmTC_84142.dir/CheckIncludeFiles.c.o
/usr/bin/cc   -Wall -std=c99 -D_DEFAULT_SOURCE    -o CMakeFiles/cmTC_84142.dir/CheckIncludeFiles.c.o   -c /home/legaller/Logiciels/poppler-0.72.0/build/CMakeFiles/CMakeTmp/CheckIncludeFiles.c
Linking C executable cmTC_84142
/usr/bin/cmake -E cmake_link_script CMakeFiles/cmTC_84142.dir/link.txt --verbose=1
/usr/bin/cc -Wall -std=c99 -D_DEFAULT_SOURCE     -rdynamic CMakeFiles/cmTC_84142.dir/CheckIncludeFiles.c.o  -o cmTC_84142 
make[1] : on quitte le répertoire « /home/legaller/Logiciels/poppler-0.72.0/build/CMakeFiles/CMakeTmp »


Determining if files sys/stat.h exist passed with the following output:
Change Dir: /home/legaller/Logiciels/poppler-0.72.0/build/CMakeFiles/CMakeTmp

Run Build Command:"/usr/bin/make" "cmTC_072f5/fast"
/usr/bin/make -f CMakeFiles/cmTC_072f5.dir/build.make CMakeFiles/cmTC_072f5.dir/build
make[1] : on entre dans le répertoire « /home/legaller/Logiciels/poppler-0.72.0/build/CMakeFiles/CMakeTmp »
Building C object CMakeFiles/cmTC_072f5.dir/CheckIncludeFiles.c.o
/usr/bin/cc   -Wall -std=c99 -D_DEFAULT_SOURCE    -o CMakeFiles/cmTC_072f5.dir/CheckIncludeFiles.c.o   -c /home/legaller/Logiciels/poppler-0.72.0/build/CMakeFiles/CMakeTmp/CheckIncludeFiles.c
Linking C executable cmTC_072f5
/usr/bin/cmake -E cmake_link_script CMakeFiles/cmTC_072f5.dir/link.txt --verbose=1
/usr/bin/cc -Wall -std=c99 -D_DEFAULT_SOURCE     -rdynamic CMakeFiles/cmTC_072f5.dir/CheckIncludeFiles.c.o  -o cmTC_072f5 
make[1] : on quitte le répertoire « /home/legaller/Logiciels/poppler-0.72.0/build/CMakeFiles/CMakeTmp »


Determining if files unistd.h exist passed with the following output:
Change Dir: /home/legaller/Logiciels/poppler-0.72.0/build/CMakeFiles/CMakeTmp

Run Build Command:"/usr/bin/make" "cmTC_77fef/fast"
/usr/bin/make -f CMakeFiles/cmTC_77fef.dir/build.make CMakeFiles/cmTC_77fef.dir/build
make[1] : on entre dans le répertoire « /home/legaller/Logiciels/poppler-0.72.0/build/CMakeFiles/CMakeTmp »
Building C object CMakeFiles/cmTC_77fef.dir/CheckIncludeFiles.c.o
/usr/bin/cc   -Wall -std=c99 -D_DEFAULT_SOURCE    -o CMakeFiles/cmTC_77fef.dir/CheckIncludeFiles.c.o   -c /home/legaller/Logiciels/poppler-0.72.0/build/CMakeFiles/CMakeTmp/CheckIncludeFiles.c
Linking C executable cmTC_77fef
/usr/bin/cmake -E cmake_link_script CMakeFiles/cmTC_77fef.dir/link.txt --verbose=1
/usr/bin/cc -Wall -std=c99 -D_DEFAULT_SOURCE     -rdynamic CMakeFiles/cmTC_77fef.dir/CheckIncludeFiles.c.o  -o cmTC_77fef 
make[1] : on quitte le répertoire « /home/legaller/Logiciels/poppler-0.72.0/build/CMakeFiles/CMakeTmp »


Determining if the include file codecvt exists passed with the following output:
Change Dir: /home/legaller/Logiciels/poppler-0.72.0/build/CMakeFiles/CMakeTmp

Run Build Command:"/usr/bin/make" "cmTC_a0444/fast"
/usr/bin/make -f CMakeFiles/cmTC_a0444.dir/build.make CMakeFiles/cmTC_a0444.dir/build
make[1] : on entre dans le répertoire « /home/legaller/Logiciels/poppler-0.72.0/build/CMakeFiles/CMakeTmp »
Building CXX object CMakeFiles/cmTC_a0444.dir/CheckIncludeFile.cxx.o
/usr/bin/c++    -Wall -Wextra -Wpedantic -Wno-unused-parameter -Wcast-align -Wformat-security -Wframe-larger-than=65536 -Wlogical-op -Wmissing-format-attribute -Wnon-virtual-dtor -Woverloaded-virtual -Wmissing-declarations -Wundef -Wzero-as-null-pointer-constant -Wsuggest-override -fno-exceptions -fno-check-new -fno-common -D_DEFAULT_SOURCE    -o CMakeFiles/cmTC_a0444.dir/CheckIncludeFile.cxx.o -c /home/legaller/Logiciels/poppler-0.72.0/build/CMakeFiles/CMakeTmp/CheckIncludeFile.cxx
Linking CXX executable cmTC_a0444
/usr/bin/cmake -E cmake_link_script CMakeFiles/cmTC_a0444.dir/link.txt --verbose=1
/usr/bin/c++  -Wall -Wextra -Wpedantic -Wno-unused-parameter -Wcast-align -Wformat-security -Wframe-larger-than=65536 -Wlogical-op -Wmissing-format-attribute -Wnon-virtual-dtor -Woverloaded-virtual -Wmissing-declarations -Wundef -Wzero-as-null-pointer-constant -Wsuggest-override -fno-exceptions -fno-check-new -fno-common -D_DEFAULT_SOURCE     -rdynamic CMakeFiles/cmTC_a0444.dir/CheckIncludeFile.cxx.o  -o cmTC_a0444 
make[1] : on quitte le répertoire « /home/legaller/Logiciels/poppler-0.72.0/build/CMakeFiles/CMakeTmp »


Determining if the function fseeko exists passed with the following output:
Change Dir: /home/legaller/Logiciels/poppler-0.72.0/build/CMakeFiles/CMakeTmp

Run Build Command:"/usr/bin/make" "cmTC_23f2f/fast"
/usr/bin/make -f CMakeFiles/cmTC_23f2f.dir/build.make CMakeFiles/cmTC_23f2f.dir/build
make[1] : on entre dans le répertoire « /home/legaller/Logiciels/poppler-0.72.0/build/CMakeFiles/CMakeTmp »
Building C object CMakeFiles/cmTC_23f2f.dir/CheckFunctionExists.c.o
/usr/bin/cc   -Wall -std=c99 -D_DEFAULT_SOURCE -DCHECK_FUNCTION_EXISTS=fseeko   -o CMakeFiles/cmTC_23f2f.dir/CheckFunctionExists.c.o   -c /usr/share/cmake-3.10/Modules/CheckFunctionExists.c
Linking C executable cmTC_23f2f
/usr/bin/cmake -E cmake_link_script CMakeFiles/cmTC_23f2f.dir/link.txt --verbose=1
/usr/bin/cc -Wall -std=c99 -D_DEFAULT_SOURCE -DCHECK_FUNCTION_EXISTS=fseeko    -rdynamic CMakeFiles/cmTC_23f2f.dir/CheckFunctionExists.c.o  -o cmTC_23f2f 
make[1] : on quitte le répertoire « /home/legaller/Logiciels/poppler-0.72.0/build/CMakeFiles/CMakeTmp »


Determining if the function pread64 exists passed with the following output:
Change Dir: /home/legaller/Logiciels/poppler-0.72.0/build/CMakeFiles/CMakeTmp

Run Build Command:"/usr/bin/make" "cmTC_b84c0/fast"
/usr/bin/make -f CMakeFiles/cmTC_b84c0.dir/build.make CMakeFiles/cmTC_b84c0.dir/build
make[1] : on entre dans le répertoire « /home/legaller/Logiciels/poppler-0.72.0/build/CMakeFiles/CMakeTmp »
Building C object CMakeFiles/cmTC_b84c0.dir/CheckFunctionExists.c.o
/usr/bin/cc   -Wall -std=c99 -D_DEFAULT_SOURCE -DCHECK_FUNCTION_EXISTS=pread64   -o CMakeFiles/cmTC_b84c0.dir/CheckFunctionExists.c.o   -c /usr/share/cmake-3.10/Modules/CheckFunctionExists.c
Linking C executable cmTC_b84c0
/usr/bin/cmake -E cmake_link_script CMakeFiles/cmTC_b84c0.dir/link.txt --verbose=1
/usr/bin/cc -Wall -std=c99 -D_DEFAULT_SOURCE -DCHECK_FUNCTION_EXISTS=pread64    -rdynamic CMakeFiles/cmTC_b84c0.dir/CheckFunctionExists.c.o  -o cmTC_b84c0 
make[1] : on quitte le répertoire « /home/legaller/Logiciels/poppler-0.72.0/build/CMakeFiles/CMakeTmp »


Determining if the function lseek64 exists passed with the following output:
Change Dir: /home/legaller/Logiciels/poppler-0.72.0/build/CMakeFiles/CMakeTmp

Run Build Command:"/usr/bin/make" "cmTC_056fc/fast"
/usr/bin/make -f CMakeFiles/cmTC_056fc.dir/build.make CMakeFiles/cmTC_056fc.dir/build
make[1] : on entre dans le répertoire « /home/legaller/Logiciels/poppler-0.72.0/build/CMakeFiles/CMakeTmp »
Building C object CMakeFiles/cmTC_056fc.dir/CheckFunctionExists.c.o
/usr/bin/cc   -Wall -std=c99 -D_DEFAULT_SOURCE -DCHECK_FUNCTION_EXISTS=lseek64   -o CMakeFiles/cmTC_056fc.dir/CheckFunctionExists.c.o   -c /usr/share/cmake-3.10/Modules/CheckFunctionExists.c
Linking C executable cmTC_056fc
/usr/bin/cmake -E cmake_link_script CMakeFiles/cmTC_056fc.dir/link.txt --verbose=1
/usr/bin/cc -Wall -std=c99 -D_DEFAULT_SOURCE -DCHECK_FUNCTION_EXISTS=lseek64    -rdynamic CMakeFiles/cmTC_056fc.dir/CheckFunctionExists.c.o  -o cmTC_056fc 
make[1] : on quitte le répertoire « /home/legaller/Logiciels/poppler-0.72.0/build/CMakeFiles/CMakeTmp »


Determining if the function gmtime_r exists passed with the following output:
Change Dir: /home/legaller/Logiciels/poppler-0.72.0/build/CMakeFiles/CMakeTmp

Run Build Command:"/usr/bin/make" "cmTC_3662a/fast"
/usr/bin/make -f CMakeFiles/cmTC_3662a.dir/build.make CMakeFiles/cmTC_3662a.dir/build
make[1] : on entre dans le répertoire « /home/legaller/Logiciels/poppler-0.72.0/build/CMakeFiles/CMakeTmp »
Building C object CMakeFiles/cmTC_3662a.dir/CheckFunctionExists.c.o
/usr/bin/cc   -Wall -std=c99 -D_DEFAULT_SOURCE -DCHECK_FUNCTION_EXISTS=gmtime_r   -o CMakeFiles/cmTC_3662a.dir/CheckFunctionExists.c.o   -c /usr/share/cmake-3.10/Modules/CheckFunctionExists.c
Linking C executable cmTC_3662a
/usr/bin/cmake -E cmake_link_script CMakeFiles/cmTC_3662a.dir/link.txt --verbose=1
/usr/bin/cc -Wall -std=c99 -D_DEFAULT_SOURCE -DCHECK_FUNCTION_EXISTS=gmtime_r    -rdynamic CMakeFiles/cmTC_3662a.dir/CheckFunctionExists.c.o  -o cmTC_3662a 
make[1] : on quitte le répertoire « /home/legaller/Logiciels/poppler-0.72.0/build/CMakeFiles/CMakeTmp »


Determining if the function timegm exists passed with the following output:
Change Dir: /home/legaller/Logiciels/poppler-0.72.0/build/CMakeFiles/CMakeTmp

Run Build Command:"/usr/bin/make" "cmTC_a5c17/fast"
/usr/bin/make -f CMakeFiles/cmTC_a5c17.dir/build.make CMakeFiles/cmTC_a5c17.dir/build
make[1] : on entre dans le répertoire « /home/legaller/Logiciels/poppler-0.72.0/build/CMakeFiles/CMakeTmp »
Building C object CMakeFiles/cmTC_a5c17.dir/CheckFunctionExists.c.o
/usr/bin/cc   -Wall -std=c99 -D_DEFAULT_SOURCE -DCHECK_FUNCTION_EXISTS=timegm   -o CMakeFiles/cmTC_a5c17.dir/CheckFunctionExists.c.o   -c /usr/share/cmake-3.10/Modules/CheckFunctionExists.c
Linking C executable cmTC_a5c17
/usr/bin/cmake -E cmake_link_script CMakeFiles/cmTC_a5c17.dir/link.txt --verbose=1
/usr/bin/cc -Wall -std=c99 -D_DEFAULT_SOURCE -DCHECK_FUNCTION_EXISTS=timegm    -rdynamic CMakeFiles/cmTC_a5c17.dir/CheckFunctionExists.c.o  -o cmTC_a5c17 
make[1] : on quitte le répertoire « /home/legaller/Logiciels/poppler-0.72.0/build/CMakeFiles/CMakeTmp »


Determining if the function gettimeofday exists passed with the following output:
Change Dir: /home/legaller/Logiciels/poppler-0.72.0/build/CMakeFiles/CMakeTmp

Run Build Command:"/usr/bin/make" "cmTC_b7dfe/fast"
/usr/bin/make -f CMakeFiles/cmTC_b7dfe.dir/build.make CMakeFiles/cmTC_b7dfe.dir/build
make[1] : on entre dans le répertoire « /home/legaller/Logiciels/poppler-0.72.0/build/CMakeFiles/CMakeTmp »
Building C object CMakeFiles/cmTC_b7dfe.dir/CheckFunctionExists.c.o
/usr/bin/cc   -Wall -std=c99 -D_DEFAULT_SOURCE -DCHECK_FUNCTION_EXISTS=gettimeofday   -o CMakeFiles/cmTC_b7dfe.dir/CheckFunctionExists.c.o   -c /usr/share/cmake-3.10/Modules/CheckFunctionExists.c
Linking C executable cmTC_b7dfe
/usr/bin/cmake -E cmake_link_script CMakeFiles/cmTC_b7dfe.dir/link.txt --verbose=1
/usr/bin/cc -Wall -std=c99 -D_DEFAULT_SOURCE -DCHECK_FUNCTION_EXISTS=gettimeofday    -rdynamic CMakeFiles/cmTC_b7dfe.dir/CheckFunctionExists.c.o  -o cmTC_b7dfe 
make[1] : on quitte le répertoire « /home/legaller/Logiciels/poppler-0.72.0/build/CMakeFiles/CMakeTmp »


Determining if the function localtime_r exists passed with the following output:
Change Dir: /home/legaller/Logiciels/poppler-0.72.0/build/CMakeFiles/CMakeTmp

Run Build Command:"/usr/bin/make" "cmTC_1e663/fast"
/usr/bin/make -f CMakeFiles/cmTC_1e663.dir/build.make CMakeFiles/cmTC_1e663.dir/build
make[1] : on entre dans le répertoire « /home/legaller/Logiciels/poppler-0.72.0/build/CMakeFiles/CMakeTmp »
Building C object CMakeFiles/cmTC_1e663.dir/CheckFunctionExists.c.o
/usr/bin/cc   -Wall -std=c99 -D_DEFAULT_SOURCE -DCHECK_FUNCTION_EXISTS=localtime_r   -o CMakeFiles/cmTC_1e663.dir/CheckFunctionExists.c.o   -c /usr/share/cmake-3.10/Modules/CheckFunctionExists.c
Linking C executable cmTC_1e663
/usr/bin/cmake -E cmake_link_script CMakeFiles/cmTC_1e663.dir/link.txt --verbose=1
/usr/bin/cc -Wall -std=c99 -D_DEFAULT_SOURCE -DCHECK_FUNCTION_EXISTS=localtime_r    -rdynamic CMakeFiles/cmTC_1e663.dir/CheckFunctionExists.c.o  -o cmTC_1e663 
make[1] : on quitte le répertoire « /home/legaller/Logiciels/poppler-0.72.0/build/CMakeFiles/CMakeTmp »


Determining if the function popen exists passed with the following output:
Change Dir: /home/legaller/Logiciels/poppler-0.72.0/build/CMakeFiles/CMakeTmp

Run Build Command:"/usr/bin/make" "cmTC_10e4f/fast"
/usr/bin/make -f CMakeFiles/cmTC_10e4f.dir/build.make CMakeFiles/cmTC_10e4f.dir/build
make[1] : on entre dans le répertoire « /home/legaller/Logiciels/poppler-0.72.0/build/CMakeFiles/CMakeTmp »
Building C object CMakeFiles/cmTC_10e4f.dir/CheckFunctionExists.c.o
/usr/bin/cc   -Wall -std=c99 -D_DEFAULT_SOURCE -DCHECK_FUNCTION_EXISTS=popen   -o CMakeFiles/cmTC_10e4f.dir/CheckFunctionExists.c.o   -c /usr/share/cmake-3.10/Modules/CheckFunctionExists.c
Linking C executable cmTC_10e4f
/usr/bin/cmake -E cmake_link_script CMakeFiles/cmTC_10e4f.dir/link.txt --verbose=1
/usr/bin/cc -Wall -std=c99 -D_DEFAULT_SOURCE -DCHECK_FUNCTION_EXISTS=popen    -rdynamic CMakeFiles/cmTC_10e4f.dir/CheckFunctionExists.c.o  -o cmTC_10e4f 
make[1] : on quitte le répertoire « /home/legaller/Logiciels/poppler-0.72.0/build/CMakeFiles/CMakeTmp »


Determining if the function mkstemp exists passed with the following output:
Change Dir: /home/legaller/Logiciels/poppler-0.72.0/build/CMakeFiles/CMakeTmp

Run Build Command:"/usr/bin/make" "cmTC_43486/fast"
/usr/bin/make -f CMakeFiles/cmTC_43486.dir/build.make CMakeFiles/cmTC_43486.dir/build
make[1] : on entre dans le répertoire « /home/legaller/Logiciels/poppler-0.72.0/build/CMakeFiles/CMakeTmp »
Building C object CMakeFiles/cmTC_43486.dir/CheckFunctionExists.c.o
/usr/bin/cc   -Wall -std=c99 -D_DEFAULT_SOURCE -DCHECK_FUNCTION_EXISTS=mkstemp   -o CMakeFiles/cmTC_43486.dir/CheckFunctionExists.c.o   -c /usr/share/cmake-3.10/Modules/CheckFunctionExists.c
Linking C executable cmTC_43486
/usr/bin/cmake -E cmake_link_script CMakeFiles/cmTC_43486.dir/link.txt --verbose=1
/usr/bin/cc -Wall -std=c99 -D_DEFAULT_SOURCE -DCHECK_FUNCTION_EXISTS=mkstemp    -rdynamic CMakeFiles/cmTC_43486.dir/CheckFunctionExists.c.o  -o cmTC_43486 
make[1] : on quitte le répertoire « /home/legaller/Logiciels/poppler-0.72.0/build/CMakeFiles/CMakeTmp »


Determining if the function strtok_r exists passed with the following output:
Change Dir: /home/legaller/Logiciels/poppler-0.72.0/build/CMakeFiles/CMakeTmp

Run Build Command:"/usr/bin/make" "cmTC_567b9/fast"
/usr/bin/make -f CMakeFiles/cmTC_567b9.dir/build.make CMakeFiles/cmTC_567b9.dir/build
make[1] : on entre dans le répertoire « /home/legaller/Logiciels/poppler-0.72.0/build/CMakeFiles/CMakeTmp »
Building C object CMakeFiles/cmTC_567b9.dir/CheckFunctionExists.c.o
/usr/bin/cc   -Wall -std=c99 -D_DEFAULT_SOURCE -DCHECK_FUNCTION_EXISTS=strtok_r   -o CMakeFiles/cmTC_567b9.dir/CheckFunctionExists.c.o   -c /usr/share/cmake-3.10/Modules/CheckFunctionExists.c
Linking C executable cmTC_567b9
/usr/bin/cmake -E cmake_link_script CMakeFiles/cmTC_567b9.dir/link.txt --verbose=1
/usr/bin/cc -Wall -std=c99 -D_DEFAULT_SOURCE -DCHECK_FUNCTION_EXISTS=strtok_r    -rdynamic CMakeFiles/cmTC_567b9.dir/CheckFunctionExists.c.o  -o cmTC_567b9 
make[1] : on quitte le répertoire « /home/legaller/Logiciels/poppler-0.72.0/build/CMakeFiles/CMakeTmp »


Performing C SOURCE FILE Test HAVE_DIRENT_H succeeded with the following output:
Change Dir: /home/legaller/Logiciels/poppler-0.72.0/build/CMakeFiles/CMakeTmp

Run Build Command:"/usr/bin/make" "cmTC_6ad86/fast"
/usr/bin/make -f CMakeFiles/cmTC_6ad86.dir/build.make CMakeFiles/cmTC_6ad86.dir/build
make[1] : on entre dans le répertoire « /home/legaller/Logiciels/poppler-0.72.0/build/CMakeFiles/CMakeTmp »
Building C object CMakeFiles/cmTC_6ad86.dir/src.c.o
/usr/bin/cc   -Wall -std=c99 -D_DEFAULT_SOURCE -DHAVE_DIRENT_H   -o CMakeFiles/cmTC_6ad86.dir/src.c.o   -c /home/legaller/Logiciels/poppler-0.72.0/build/CMakeFiles/CMakeTmp/src.c
/home/legaller/Logiciels/poppler-0.72.0/build/CMakeFiles/CMakeTmp/src.c: In function ‘main’:
/home/legaller/Logiciels/poppler-0.72.0/build/CMakeFiles/CMakeTmp/src.c:5:8: warning: unused variable ‘d’ [-Wunused-variable]
   DIR* d = 0;
        ^
Linking C executable cmTC_6ad86
/usr/bin/cmake -E cmake_link_script CMakeFiles/cmTC_6ad86.dir/link.txt --verbose=1
/usr/bin/cc -Wall -std=c99 -D_DEFAULT_SOURCE -DHAVE_DIRENT_H    -rdynamic CMakeFiles/cmTC_6ad86.dir/src.c.o  -o cmTC_6ad86 
make[1] : on quitte le répertoire « /home/legaller/Logiciels/poppler-0.72.0/build/CMakeFiles/CMakeTmp »

Source file was:
#include <dirent.h>

int main(int argc, char *argv[])
{
  DIR* d = 0;
  return 0;
}

Performing C SOURCE FILE Test HAVE_SYS_DIR_H succeeded with the following output:
Change Dir: /home/legaller/Logiciels/poppler-0.72.0/build/CMakeFiles/CMakeTmp

Run Build Command:"/usr/bin/make" "cmTC_14db4/fast"
/usr/bin/make -f CMakeFiles/cmTC_14db4.dir/build.make CMakeFiles/cmTC_14db4.dir/build
make[1] : on entre dans le répertoire « /home/legaller/Logiciels/poppler-0.72.0/build/CMakeFiles/CMakeTmp »
Building C object CMakeFiles/cmTC_14db4.dir/src.c.o
/usr/bin/cc   -Wall -std=c99 -D_DEFAULT_SOURCE -DHAVE_SYS_DIR_H   -o CMakeFiles/cmTC_14db4.dir/src.c.o   -c /home/legaller/Logiciels/poppler-0.72.0/build/CMakeFiles/CMakeTmp/src.c
/home/legaller/Logiciels/poppler-0.72.0/build/CMakeFiles/CMakeTmp/src.c: In function ‘main’:
/home/legaller/Logiciels/poppler-0.72.0/build/CMakeFiles/CMakeTmp/src.c:5:8: warning: unused variable ‘d’ [-Wunused-variable]
   DIR* d = 0;
        ^
Linking C executable cmTC_14db4
/usr/bin/cmake -E cmake_link_script CMakeFiles/cmTC_14db4.dir/link.txt --verbose=1
/usr/bin/cc -Wall -std=c99 -D_DEFAULT_SOURCE -DHAVE_SYS_DIR_H    -rdynamic CMakeFiles/cmTC_14db4.dir/src.c.o  -o cmTC_14db4 
make[1] : on quitte le répertoire « /home/legaller/Logiciels/poppler-0.72.0/build/CMakeFiles/CMakeTmp »

Source file was:
#include <sys/dir.h>

int main(int argc, char *argv[])
{
  DIR* d = 0;
  return 0;
}

Determining if the function nanosleep exists passed with the following output:
Change Dir: /home/legaller/Logiciels/poppler-0.72.0/build/CMakeFiles/CMakeTmp

Run Build Command:"/usr/bin/make" "cmTC_fbb72/fast"
/usr/bin/make -f CMakeFiles/cmTC_fbb72.dir/build.make CMakeFiles/cmTC_fbb72.dir/build
make[1] : on entre dans le répertoire « /home/legaller/Logiciels/poppler-0.72.0/build/CMakeFiles/CMakeTmp »
Building C object CMakeFiles/cmTC_fbb72.dir/CheckFunctionExists.c.o
/usr/bin/cc   -Wall -std=c99 -D_DEFAULT_SOURCE -DCHECK_FUNCTION_EXISTS=nanosleep   -o CMakeFiles/cmTC_fbb72.dir/CheckFunctionExists.c.o   -c /usr/share/cmake-3.10/Modules/CheckFunctionExists.c
Linking C executable cmTC_fbb72
/usr/bin/cmake -E cmake_link_script CMakeFiles/cmTC_fbb72.dir/link.txt --verbose=1
/usr/bin/cc -Wall -std=c99 -D_DEFAULT_SOURCE -DCHECK_FUNCTION_EXISTS=nanosleep    -rdynamic CMakeFiles/cmTC_fbb72.dir/CheckFunctionExists.c.o  -o cmTC_fbb72 
make[1] : on quitte le répertoire « /home/legaller/Logiciels/poppler-0.72.0/build/CMakeFiles/CMakeTmp »


